cabal: Entering directory '/var/folders/1x/7614t3zs1lndnk3hzln_q8m00000gn/T/cabal-tmp-4483/aeson-1.2.4.0'
Configuring aeson-1.2.4.0...
Building aeson-1.2.4.0...
Preprocessing library aeson-1.2.4.0...
[ 1 of 24] Compiling Data.Aeson.Types.Generic ( Data/Aeson/Types/Generic.hs, dist/dist-sandbox-8bb31270/build/Data/Aeson/Types/Generic.o )

/var/folders/1x/7614t3zs1lndnk3hzln_q8m00000gn/T/ghc6205_0/ghc_15.hscpp:380:10: warning: [-Wredundant-constraints]
    • Redundant constraint: IsRecord f isRecord
    • In the instance declaration for ‘IsRecord (f :*: g) isRecord’

/var/folders/1x/7614t3zs1lndnk3hzln_q8m00000gn/T/ghc6205_0/ghc_15.hscpp:387:10: warning: [-Wredundant-constraints]
    • Redundant constraint: IsRecord f isRecord
    • In the instance declaration for ‘IsRecord (M1 S c f) isRecord’

/var/folders/1x/7614t3zs1lndnk3hzln_q8m00000gn/T/ghc6205_0/ghc_15.hscpp:399:10: warning: [-Wredundant-constraints]
    • Redundant constraints: (AllNullary a allNullaryL,
                              AllNullary b allNullaryR,
                              And allNullaryL allNullaryR allNullary)
    • In the instance declaration for ‘AllNullary (a :+: b) allNullary’

/var/folders/1x/7614t3zs1lndnk3hzln_q8m00000gn/T/ghc6205_0/ghc_15.hscpp:403:10: warning: [-Wredundant-constraints]
    • Redundant constraint: AllNullary a allNullary
    • In the instance declaration for
        ‘AllNullary (M1 i c a) allNullary’
[ 2 of 24] Compiling Data.Aeson.Parser.UnescapePure ( pure/Data/Aeson/Parser/UnescapePure.hs, dist/dist-sandbox-8bb31270/build/Data/Aeson/Parser/UnescapePure.o )
[ 3 of 24] Compiling Data.Aeson.Internal.Functions ( Data/Aeson/Internal/Functions.hs, dist/dist-sandbox-8bb31270/build/Data/Aeson/Internal/Functions.o )
[ 4 of 24] Compiling Data.Aeson.Compat ( Data/Aeson/Compat.hs, dist/dist-sandbox-8bb31270/build/Data/Aeson/Compat.o )
[ 5 of 24] Compiling Data.Aeson.Parser.Unescape ( Data/Aeson/Parser/Unescape.hs, dist/dist-sandbox-8bb31270/build/Data/Aeson/Parser/Unescape.o )
[ 6 of 24] Compiling Data.Attoparsec.Time.Internal ( attoparsec-iso8601/Data/Attoparsec/Time/Internal.hs, dist/dist-sandbox-8bb31270/build/Data/Attoparsec/Time/Internal.o )
[ 7 of 24] Compiling Data.Attoparsec.Time ( attoparsec-iso8601/Data/Attoparsec/Time.hs, dist/dist-sandbox-8bb31270/build/Data/Attoparsec/Time.o )
[ 8 of 24] Compiling Data.Aeson.Internal.Time ( Data/Aeson/Internal/Time.hs, dist/dist-sandbox-8bb31270/build/Data/Aeson/Internal/Time.o )
[ 9 of 24] Compiling Data.Aeson.Types.Internal ( Data/Aeson/Types/Internal.hs, dist/dist-sandbox-8bb31270/build/Data/Aeson/Types/Internal.o )
[10 of 24] Compiling Data.Aeson.Encoding.Builder ( Data/Aeson/Encoding/Builder.hs, dist/dist-sandbox-8bb31270/build/Data/Aeson/Encoding/Builder.o )
[11 of 24] Compiling Data.Aeson.Encoding.Internal ( Data/Aeson/Encoding/Internal.hs, dist/dist-sandbox-8bb31270/build/Data/Aeson/Encoding/Internal.o )
[12 of 24] Compiling Data.Aeson.Parser.Time ( Data/Aeson/Parser/Time.hs, dist/dist-sandbox-8bb31270/build/Data/Aeson/Parser/Time.o )
[13 of 24] Compiling Data.Aeson.Parser.Internal ( Data/Aeson/Parser/Internal.hs, dist/dist-sandbox-8bb31270/build/Data/Aeson/Parser/Internal.o )
[14 of 24] Compiling Data.Aeson.Parser ( Data/Aeson/Parser.hs, dist/dist-sandbox-8bb31270/build/Data/Aeson/Parser.o )
[15 of 24] Compiling Data.Aeson.Encoding ( Data/Aeson/Encoding.hs, dist/dist-sandbox-8bb31270/build/Data/Aeson/Encoding.o )
[16 of 24] Compiling Data.Aeson.Types.ToJSON ( Data/Aeson/Types/ToJSON.hs, dist/dist-sandbox-8bb31270/build/Data/Aeson/Types/ToJSON.o )

/var/folders/1x/7614t3zs1lndnk3hzln_q8m00000gn/T/ghc6205_0/ghc_17.hscpp:992:10: warning: [-Wredundant-constraints]
    • Redundant constraint: AllNullary (C1 c a) allNullary
    • In the instance declaration for
        ‘GToJSON enc arity (D1 d (C1 c a))’

/var/folders/1x/7614t3zs1lndnk3hzln_q8m00000gn/T/ghc6205_0/ghc_17.hscpp:1009:10: warning: [-Wredundant-constraints]
    • Redundant constraint: AllNullary (a :+: b) allNullary
    • In the instance declaration for ‘GToJSON enc arity (a :+: b)’

/var/folders/1x/7614t3zs1lndnk3hzln_q8m00000gn/T/ghc6205_0/ghc_17.hscpp:1604:10: warning: [-Wredundant-constraints]
    • Redundant constraint: Integral a
    • In the instance declaration for ‘ToJSON (Ratio a)’
[17 of 24] Compiling Data.Aeson.Types.FromJSON ( Data/Aeson/Types/FromJSON.hs, dist/dist-sandbox-8bb31270/build/Data/Aeson/Types/FromJSON.o )

/var/folders/1x/7614t3zs1lndnk3hzln_q8m00000gn/T/ghc6205_0/ghc_13.hscpp:802:3: warning: [-Winline-rule-shadowing]
    Rule "FromJSONKeyCoerce: fmap id" may never fire
      because ‘id’ might inline first
    Probable fix: add an INLINE[n] or NOINLINE[n] pragma for ‘id’

/var/folders/1x/7614t3zs1lndnk3hzln_q8m00000gn/T/ghc6205_0/ghc_13.hscpp:1002:1: warning: [-Wredundant-constraints]
    • Redundant constraint: FromJSON a
    • In the type signature for:
           withEmbeddedJSON :: FromJSON a =>
                               String -> (Value -> Parser a) -> Value -> Parser a

/var/folders/1x/7614t3zs1lndnk3hzln_q8m00000gn/T/ghc6205_0/ghc_13.hscpp:1138:10: warning: [-Wredundant-constraints]
    • Redundant constraint: AllNullary (C1 c a) allNullary
    • In the instance declaration for ‘GFromJSON arity (D1 d (C1 c a))’

/var/folders/1x/7614t3zs1lndnk3hzln_q8m00000gn/T/ghc6205_0/ghc_13.hscpp:1172:10: warning: [-Wredundant-constraints]
    • Redundant constraint: AllNullary (a :+: b) allNullary
    • In the instance declaration for ‘GFromJSON arity (a :+: b)’

/var/folders/1x/7614t3zs1lndnk3hzln_q8m00000gn/T/ghc6205_0/ghc_13.hscpp:1300:10: warning: [-Wredundant-constraints]
    • Redundant constraint: IsRecord f isRecord
    • In the instance declaration for ‘FromTaggedObject' arity f’

/var/folders/1x/7614t3zs1lndnk3hzln_q8m00000gn/T/ghc6205_0/ghc_13.hscpp:1450:5: warning: [-Wredundant-constraints]
    • Redundant constraint: GFromJSON arity a
    • In the instance declaration for
        ‘FromUntaggedValue arity (C1 c a)’
[18 of 24] Compiling Data.Aeson.Types.Class ( Data/Aeson/Types/Class.hs, dist/dist-sandbox-8bb31270/build/Data/Aeson/Types/Class.o )
[19 of 24] Compiling Data.Aeson.Internal ( Data/Aeson/Internal.hs, dist/dist-sandbox-8bb31270/build/Data/Aeson/Internal.o )
[20 of 24] Compiling Data.Aeson.Types ( Data/Aeson/Types.hs, dist/dist-sandbox-8bb31270/build/Data/Aeson/Types.o )
[21 of 24] Compiling Data.Aeson.Text  ( Data/Aeson/Text.hs, dist/dist-sandbox-8bb31270/build/Data/Aeson/Text.o )
[22 of 24] Compiling Data.Aeson       ( Data/Aeson.hs, dist/dist-sandbox-8bb31270/build/Data/Aeson.o )
[23 of 24] Compiling Data.Aeson.TH    ( Data/Aeson/TH.hs, dist/dist-sandbox-8bb31270/build/Data/Aeson/TH.o )
[24 of 24] Compiling Data.Aeson.Encode ( Data/Aeson/Encode.hs, dist/dist-sandbox-8bb31270/build/Data/Aeson/Encode.o )
Creating package registration file:
/var/folders/1x/7614t3zs1lndnk3hzln_q8m00000gn/T/pkgConf-aeson-1.2.4609352381936329094.0
Installing library in /Users/henriquefaria/Documents/2ºano/2º
semestre/CP/Trabalho
Pratico/cp1718t/.cabal-sandbox/lib/x86_64-osx-ghc-8.0.1/aeson-1.2.4.0-EManBx89sLSIJpxGId3ocm
Registering aeson-1.2.4.0...
cabal: Leaving directory '/var/folders/1x/7614t3zs1lndnk3hzln_q8m00000gn/T/cabal-tmp-4483/aeson-1.2.4.0'
