cabal: Entering directory '/var/folders/1x/7614t3zs1lndnk3hzln_q8m00000gn/T/cabal-tmp-4485/binary-bits-0.5'
Configuring binary-bits-0.5...
Building binary-bits-0.5...
Preprocessing library binary-bits-0.5...
[1 of 3] Compiling Data.Binary.Bits.Put ( Data/Binary/Bits/Put.hs, dist/dist-sandbox-8bb31270/build/Data/Binary/Bits/Put.o )

Data/Binary/Bits/Put.hs:41:1: warning: [-Wunused-imports]
    The import of ‘Control.Applicative’ is redundant
      except perhaps to import instances from ‘Control.Applicative’
    To import instances alone, use: import Control.Applicative()

Data/Binary/Bits/Put.hs:43:1: warning: [-Wunused-imports]
    The import of ‘Data.Monoid’ is redundant
      except perhaps to import instances from ‘Data.Monoid’
    To import instances alone, use: import Data.Monoid()
[2 of 3] Compiling Data.Binary.Bits.Get ( Data/Binary/Bits/Get.hs, dist/dist-sandbox-8bb31270/build/Data/Binary/Bits/Get.o )

/var/folders/1x/7614t3zs1lndnk3hzln_q8m00000gn/T/ghc4689_0/ghc_1.hscpp:207:1: warning: [-Wunused-imports]
    The import of ‘B.getByteString, runGet’
    from module ‘Data.Binary.Get’ is redundant

/var/folders/1x/7614t3zs1lndnk3hzln_q8m00000gn/T/ghc4689_0/ghc_1.hscpp:328:1: warning: [-Wincomplete-patterns]
    Pattern match(es) are non-exhaustive
    In an equation for ‘readWord8’: Patterns not matched: _ (S _ _)

/var/folders/1x/7614t3zs1lndnk3hzln_q8m00000gn/T/ghc4689_0/ghc_1.hscpp:414:1: warning: [-Wincomplete-patterns]
    Pattern match(es) are non-exhaustive
    In an equation for ‘readWithoutOffset’:
        Patterns not matched: (S _ _) _ _ _

/var/folders/1x/7614t3zs1lndnk3hzln_q8m00000gn/T/ghc4689_0/ghc_1.hscpp:420:22: warning: [-Wname-shadowing]
    This binding for ‘n’ shadows the existing binding
      bound at /var/folders/1x/7614t3zs1lndnk3hzln_q8m00000gn/T/ghc4689_0/ghc_1.hscpp:414:46

/var/folders/1x/7614t3zs1lndnk3hzln_q8m00000gn/T/ghc4689_0/ghc_1.hscpp:428:22: warning: [-Wname-shadowing]
    This binding for ‘n’ shadows the existing binding
      bound at /var/folders/1x/7614t3zs1lndnk3hzln_q8m00000gn/T/ghc4689_0/ghc_1.hscpp:414:46

/var/folders/1x/7614t3zs1lndnk3hzln_q8m00000gn/T/ghc4689_0/ghc_1.hscpp:432:19: warning: [-Wname-shadowing]
    This binding for ‘last’ shadows the existing bindings
      imported from ‘Data.ByteString’ at /var/folders/1x/7614t3zs1lndnk3hzln_q8m00000gn/T/ghc4689_0/ghc_1.hscpp:210:1-27
      imported from ‘Prelude’ at /var/folders/1x/7614t3zs1lndnk3hzln_q8m00000gn/T/ghc4689_0/ghc_1.hscpp:218:1-19
      (and originally defined in ‘GHC.List’)

/var/folders/1x/7614t3zs1lndnk3hzln_q8m00000gn/T/ghc4689_0/ghc_1.hscpp:439:1: warning: [-Wincomplete-patterns]
    Pattern match(es) are non-exhaustive
    In an equation for ‘readWithOffset’:
        Patterns not matched: (S _ _) _ _ _

/var/folders/1x/7614t3zs1lndnk3hzln_q8m00000gn/T/ghc4689_0/ghc_1.hscpp:447:22: warning: [-Wname-shadowing]
    This binding for ‘n’ shadows the existing binding
      bound at /var/folders/1x/7614t3zs1lndnk3hzln_q8m00000gn/T/ghc4689_0/ghc_1.hscpp:439:43

/var/folders/1x/7614t3zs1lndnk3hzln_q8m00000gn/T/ghc4689_0/ghc_1.hscpp:453:19: warning: [-Wname-shadowing]
    This binding for ‘last’ shadows the existing bindings
      imported from ‘Data.ByteString’ at /var/folders/1x/7614t3zs1lndnk3hzln_q8m00000gn/T/ghc4689_0/ghc_1.hscpp:210:1-27
      imported from ‘Prelude’ at /var/folders/1x/7614t3zs1lndnk3hzln_q8m00000gn/T/ghc4689_0/ghc_1.hscpp:218:1-19
      (and originally defined in ‘GHC.List’)

/var/folders/1x/7614t3zs1lndnk3hzln_q8m00000gn/T/ghc4689_0/ghc_1.hscpp:591:1: warning: [-Wunused-top-binds]
    Defined but not used: ‘shiftl_w8’

/var/folders/1x/7614t3zs1lndnk3hzln_q8m00000gn/T/ghc4689_0/ghc_1.hscpp:591:1: warning: [-Wmissing-signatures]
    Top-level binding with no type signature:
      shiftl_w8 :: Word8 -> Int -> Word8

/var/folders/1x/7614t3zs1lndnk3hzln_q8m00000gn/T/ghc4689_0/ghc_1.hscpp:595:1: warning: [-Wmissing-signatures]
    Top-level binding with no type signature:
      shiftr_w8 :: Word8 -> Int -> Word8

/var/folders/1x/7614t3zs1lndnk3hzln_q8m00000gn/T/ghc4689_0/ghc_1.hscpp:596:1: warning: [-Wmissing-signatures]
    Top-level binding with no type signature:
      shiftr_w16 :: Word16 -> Int -> Word16

/var/folders/1x/7614t3zs1lndnk3hzln_q8m00000gn/T/ghc4689_0/ghc_1.hscpp:597:1: warning: [-Wmissing-signatures]
    Top-level binding with no type signature:
      shiftr_w32 :: Word32 -> Int -> Word32

/var/folders/1x/7614t3zs1lndnk3hzln_q8m00000gn/T/ghc4689_0/ghc_1.hscpp:602:1: warning: [-Wmissing-signatures]
    Top-level binding with no type signature:
      shiftr_w64 :: Word64 -> Int -> Word64
[3 of 3] Compiling Data.Binary.Bits ( Data/Binary/Bits.hs, dist/dist-sandbox-8bb31270/build/Data/Binary/Bits.o )
Creating package registration file:
/var/folders/1x/7614t3zs1lndnk3hzln_q8m00000gn/T/pkgConf-binary-bits-05950286351962408013.5
Installing library in /Users/henriquefaria/Documents/2ºano/2º
semestre/CP/Trabalho
Pratico/cp1718t/.cabal-sandbox/lib/x86_64-osx-ghc-8.0.1/binary-bits-0.5-BdOIiHFuKdDgGyEZqYH0M
Registering binary-bits-0.5...
cabal: Leaving directory '/var/folders/1x/7614t3zs1lndnk3hzln_q8m00000gn/T/cabal-tmp-4485/binary-bits-0.5'
