cabal: Entering directory '/var/folders/_n/xb0nmrd167vgc2dfr2164t9r0000gn/T/cabal-tmp-988/gloss-rendering-1.12.0.0'
Configuring gloss-rendering-1.12.0.0...
Building gloss-rendering-1.12.0.0...
Preprocessing library gloss-rendering-1.12.0.0...
[1 of 9] Compiling Graphics.Gloss.Internals.Rendering.Bitmap ( Graphics/Gloss/Internals/Rendering/Bitmap.hs, dist/dist-sandbox-8b42a4cd/build/Graphics/Gloss/Internals/Rendering/Bitmap.o )
[2 of 9] Compiling Graphics.Gloss.Internals.Data.Color ( Graphics/Gloss/Internals/Data/Color.hs, dist/dist-sandbox-8b42a4cd/build/Graphics/Gloss/Internals/Data/Color.o )
[3 of 9] Compiling Graphics.Gloss.Internals.Data.Picture ( Graphics/Gloss/Internals/Data/Picture.hs, dist/dist-sandbox-8b42a4cd/build/Graphics/Gloss/Internals/Data/Picture.o )
[4 of 9] Compiling Graphics.Gloss.Internals.Rendering.State ( Graphics/Gloss/Internals/Rendering/State.hs, dist/dist-sandbox-8b42a4cd/build/Graphics/Gloss/Internals/Rendering/State.o )
[5 of 9] Compiling Graphics.Gloss.Internals.Rendering.Color ( Graphics/Gloss/Internals/Rendering/Color.hs, dist/dist-sandbox-8b42a4cd/build/Graphics/Gloss/Internals/Rendering/Color.o )
[6 of 9] Compiling Graphics.Gloss.Internals.Rendering.Common ( Graphics/Gloss/Internals/Rendering/Common.hs, dist/dist-sandbox-8b42a4cd/build/Graphics/Gloss/Internals/Rendering/Common.o )
[7 of 9] Compiling Graphics.Gloss.Internals.Rendering.Circle ( Graphics/Gloss/Internals/Rendering/Circle.hs, dist/dist-sandbox-8b42a4cd/build/Graphics/Gloss/Internals/Rendering/Circle.o )
[8 of 9] Compiling Graphics.Gloss.Internals.Rendering.Picture ( Graphics/Gloss/Internals/Rendering/Picture.hs, dist/dist-sandbox-8b42a4cd/build/Graphics/Gloss/Internals/Rendering/Picture.o )
[9 of 9] Compiling Graphics.Gloss.Rendering ( Graphics/Gloss/Rendering.hs, dist/dist-sandbox-8b42a4cd/build/Graphics/Gloss/Rendering.o )
[1 of 9] Compiling Graphics.Gloss.Internals.Rendering.Bitmap ( Graphics/Gloss/Internals/Rendering/Bitmap.hs, dist/dist-sandbox-8b42a4cd/build/Graphics/Gloss/Internals/Rendering/Bitmap.p_o )

In file included from /var/folders/_n/xb0nmrd167vgc2dfr2164t9r0000gn/T/ghc1476_0/ghc_5.c:2:0: error:
    

In file included from /Library/Frameworks/GHC.framework/Versions/8.0.1-x86_64/usr/lib/ghc-8.0.1/include/Rts.h:217:0: error:
    

/Library/Frameworks/GHC.framework/Versions/8.0.1-x86_64/usr/lib/ghc-8.0.1/include/rts/storage/ClosureMacros.h:505:5: error:
     warning: macro expansion producing 'defined' has undefined behavior [-Wexpansion-to-defined]
#if ZERO_SLOP_FOR_LDV_PROF || ZERO_SLOP_FOR_SANITY_CHECK
    ^

/Library/Frameworks/GHC.framework/Versions/8.0.1-x86_64/usr/lib/ghc-8.0.1/include/rts/storage/ClosureMacros.h:502:37: error:
     note: expanded from macro 'ZERO_SLOP_FOR_LDV_PROF'
#define ZERO_SLOP_FOR_LDV_PROF     (defined(PROFILING))
                                    ^

/Library/Frameworks/GHC.framework/Versions/8.0.1-x86_64/usr/lib/ghc-8.0.1/include/rts/storage/ClosureMacros.h:505:31: error:
     warning: macro expansion producing 'defined' has undefined behavior [-Wexpansion-to-defined]
#if ZERO_SLOP_FOR_LDV_PROF || ZERO_SLOP_FOR_SANITY_CHECK
                              ^

/Library/Frameworks/GHC.framework/Versions/8.0.1-x86_64/usr/lib/ghc-8.0.1/include/rts/storage/ClosureMacros.h:503:37: error:
     note: expanded from macro 'ZERO_SLOP_FOR_SANITY_CHECK'
#define ZERO_SLOP_FOR_SANITY_CHECK (defined(DEBUG) && !defined(THREADED_RTS))
                                    ^

/Library/Frameworks/GHC.framework/Versions/8.0.1-x86_64/usr/lib/ghc-8.0.1/include/rts/storage/ClosureMacros.h:505:31: error:
     warning: macro expansion producing 'defined' has undefined behavior [-Wexpansion-to-defined]

/Library/Frameworks/GHC.framework/Versions/8.0.1-x86_64/usr/lib/ghc-8.0.1/include/rts/storage/ClosureMacros.h:503:56: error:
     note: expanded from macro 'ZERO_SLOP_FOR_SANITY_CHECK'
#define ZERO_SLOP_FOR_SANITY_CHECK (defined(DEBUG) && !defined(THREADED_RTS))
                                                       ^

/Library/Frameworks/GHC.framework/Versions/8.0.1-x86_64/usr/lib/ghc-8.0.1/include/rts/storage/ClosureMacros.h:523:5: error:
     warning: macro expansion producing 'defined' has undefined behavior [-Wexpansion-to-defined]
#if ZERO_SLOP_FOR_LDV_PROF && !ZERO_SLOP_FOR_SANITY_CHECK
    ^

/Library/Frameworks/GHC.framework/Versions/8.0.1-x86_64/usr/lib/ghc-8.0.1/include/rts/storage/ClosureMacros.h:502:37: error:
     note: expanded from macro 'ZERO_SLOP_FOR_LDV_PROF'
#define ZERO_SLOP_FOR_LDV_PROF     (defined(PROFILING))
                                    ^

/Library/Frameworks/GHC.framework/Versions/8.0.1-x86_64/usr/lib/ghc-8.0.1/include/rts/storage/ClosureMacros.h:523:32: error:
     warning: macro expansion producing 'defined' has undefined behavior [-Wexpansion-to-defined]
#if ZERO_SLOP_FOR_LDV_PROF && !ZERO_SLOP_FOR_SANITY_CHECK
                               ^

/Library/Frameworks/GHC.framework/Versions/8.0.1-x86_64/usr/lib/ghc-8.0.1/include/rts/storage/ClosureMacros.h:503:37: error:
     note: expanded from macro 'ZERO_SLOP_FOR_SANITY_CHECK'
#define ZERO_SLOP_FOR_SANITY_CHECK (defined(DEBUG) && !defined(THREADED_RTS))
                                    ^

/Library/Frameworks/GHC.framework/Versions/8.0.1-x86_64/usr/lib/ghc-8.0.1/include/rts/storage/ClosureMacros.h:523:32: error:
     warning: macro expansion producing 'defined' has undefined behavior [-Wexpansion-to-defined]

/Library/Frameworks/GHC.framework/Versions/8.0.1-x86_64/usr/lib/ghc-8.0.1/include/rts/storage/ClosureMacros.h:503:56: error:
     note: expanded from macro 'ZERO_SLOP_FOR_SANITY_CHECK'
#define ZERO_SLOP_FOR_SANITY_CHECK (defined(DEBUG) && !defined(THREADED_RTS))
                                                       ^

/Library/Frameworks/GHC.framework/Versions/8.0.1-x86_64/usr/lib/ghc-8.0.1/include/rts/storage/ClosureMacros.h:552:5: error:
     warning: macro expansion producing 'defined' has undefined behavior [-Wexpansion-to-defined]
#if ZERO_SLOP_FOR_LDV_PROF && !ZERO_SLOP_FOR_SANITY_CHECK
    ^

/Library/Frameworks/GHC.framework/Versions/8.0.1-x86_64/usr/lib/ghc-8.0.1/include/rts/storage/ClosureMacros.h:502:37: error:
     note: expanded from macro 'ZERO_SLOP_FOR_LDV_PROF'
#define ZERO_SLOP_FOR_LDV_PROF     (defined(PROFILING))
                                    ^

/Library/Frameworks/GHC.framework/Versions/8.0.1-x86_64/usr/lib/ghc-8.0.1/include/rts/storage/ClosureMacros.h:552:32: error:
     warning: macro expansion producing 'defined' has undefined behavior [-Wexpansion-to-defined]
#if ZERO_SLOP_FOR_LDV_PROF && !ZERO_SLOP_FOR_SANITY_CHECK
                               ^

/Library/Frameworks/GHC.framework/Versions/8.0.1-x86_64/usr/lib/ghc-8.0.1/include/rts/storage/ClosureMacros.h:503:37: error:
     note: expanded from macro 'ZERO_SLOP_FOR_SANITY_CHECK'
#define ZERO_SLOP_FOR_SANITY_CHECK (defined(DEBUG) && !defined(THREADED_RTS))
                                    ^

/Library/Frameworks/GHC.framework/Versions/8.0.1-x86_64/usr/lib/ghc-8.0.1/include/rts/storage/ClosureMacros.h:552:32: error:
     warning: macro expansion producing 'defined' has undefined behavior [-Wexpansion-to-defined]

/Library/Frameworks/GHC.framework/Versions/8.0.1-x86_64/usr/lib/ghc-8.0.1/include/rts/storage/ClosureMacros.h:503:56: error:
     note: expanded from macro 'ZERO_SLOP_FOR_SANITY_CHECK'
#define ZERO_SLOP_FOR_SANITY_CHECK (defined(DEBUG) && !defined(THREADED_RTS))
                                                       ^
9 warnings generated.
[2 of 9] Compiling Graphics.Gloss.Internals.Data.Color ( Graphics/Gloss/Internals/Data/Color.hs, dist/dist-sandbox-8b42a4cd/build/Graphics/Gloss/Internals/Data/Color.p_o )

In file included from /var/folders/_n/xb0nmrd167vgc2dfr2164t9r0000gn/T/ghc1476_0/ghc_14.c:2:0: error:
    

In file included from /Library/Frameworks/GHC.framework/Versions/8.0.1-x86_64/usr/lib/ghc-8.0.1/include/Rts.h:217:0: error:
    

/Library/Frameworks/GHC.framework/Versions/8.0.1-x86_64/usr/lib/ghc-8.0.1/include/rts/storage/ClosureMacros.h:505:5: error:
     warning: macro expansion producing 'defined' has undefined behavior [-Wexpansion-to-defined]
#if ZERO_SLOP_FOR_LDV_PROF || ZERO_SLOP_FOR_SANITY_CHECK
    ^

/Library/Frameworks/GHC.framework/Versions/8.0.1-x86_64/usr/lib/ghc-8.0.1/include/rts/storage/ClosureMacros.h:502:37: error:
     note: expanded from macro 'ZERO_SLOP_FOR_LDV_PROF'
#define ZERO_SLOP_FOR_LDV_PROF     (defined(PROFILING))
                                    ^

/Library/Frameworks/GHC.framework/Versions/8.0.1-x86_64/usr/lib/ghc-8.0.1/include/rts/storage/ClosureMacros.h:505:31: error:
     warning: macro expansion producing 'defined' has undefined behavior [-Wexpansion-to-defined]
#if ZERO_SLOP_FOR_LDV_PROF || ZERO_SLOP_FOR_SANITY_CHECK
                              ^

/Library/Frameworks/GHC.framework/Versions/8.0.1-x86_64/usr/lib/ghc-8.0.1/include/rts/storage/ClosureMacros.h:503:37: error:
     note: expanded from macro 'ZERO_SLOP_FOR_SANITY_CHECK'
#define ZERO_SLOP_FOR_SANITY_CHECK (defined(DEBUG) && !defined(THREADED_RTS))
                                    ^

/Library/Frameworks/GHC.framework/Versions/8.0.1-x86_64/usr/lib/ghc-8.0.1/include/rts/storage/ClosureMacros.h:505:31: error:
     warning: macro expansion producing 'defined' has undefined behavior [-Wexpansion-to-defined]

/Library/Frameworks/GHC.framework/Versions/8.0.1-x86_64/usr/lib/ghc-8.0.1/include/rts/storage/ClosureMacros.h:503:56: error:
     note: expanded from macro 'ZERO_SLOP_FOR_SANITY_CHECK'
#define ZERO_SLOP_FOR_SANITY_CHECK (defined(DEBUG) && !defined(THREADED_RTS))
                                                       ^

/Library/Frameworks/GHC.framework/Versions/8.0.1-x86_64/usr/lib/ghc-8.0.1/include/rts/storage/ClosureMacros.h:523:5: error:
     warning: macro expansion producing 'defined' has undefined behavior [-Wexpansion-to-defined]
#if ZERO_SLOP_FOR_LDV_PROF && !ZERO_SLOP_FOR_SANITY_CHECK
    ^

/Library/Frameworks/GHC.framework/Versions/8.0.1-x86_64/usr/lib/ghc-8.0.1/include/rts/storage/ClosureMacros.h:502:37: error:
     note: expanded from macro 'ZERO_SLOP_FOR_LDV_PROF'
#define ZERO_SLOP_FOR_LDV_PROF     (defined(PROFILING))
                                    ^

/Library/Frameworks/GHC.framework/Versions/8.0.1-x86_64/usr/lib/ghc-8.0.1/include/rts/storage/ClosureMacros.h:523:32: error:
     warning: macro expansion producing 'defined' has undefined behavior [-Wexpansion-to-defined]
#if ZERO_SLOP_FOR_LDV_PROF && !ZERO_SLOP_FOR_SANITY_CHECK
                               ^

/Library/Frameworks/GHC.framework/Versions/8.0.1-x86_64/usr/lib/ghc-8.0.1/include/rts/storage/ClosureMacros.h:503:37: error:
     note: expanded from macro 'ZERO_SLOP_FOR_SANITY_CHECK'
#define ZERO_SLOP_FOR_SANITY_CHECK (defined(DEBUG) && !defined(THREADED_RTS))
                                    ^

/Library/Frameworks/GHC.framework/Versions/8.0.1-x86_64/usr/lib/ghc-8.0.1/include/rts/storage/ClosureMacros.h:523:32: error:
     warning: macro expansion producing 'defined' has undefined behavior [-Wexpansion-to-defined]

/Library/Frameworks/GHC.framework/Versions/8.0.1-x86_64/usr/lib/ghc-8.0.1/include/rts/storage/ClosureMacros.h:503:56: error:
     note: expanded from macro 'ZERO_SLOP_FOR_SANITY_CHECK'
#define ZERO_SLOP_FOR_SANITY_CHECK (defined(DEBUG) && !defined(THREADED_RTS))
                                                       ^

/Library/Frameworks/GHC.framework/Versions/8.0.1-x86_64/usr/lib/ghc-8.0.1/include/rts/storage/ClosureMacros.h:552:5: error:
     warning: macro expansion producing 'defined' has undefined behavior [-Wexpansion-to-defined]
#if ZERO_SLOP_FOR_LDV_PROF && !ZERO_SLOP_FOR_SANITY_CHECK
    ^

/Library/Frameworks/GHC.framework/Versions/8.0.1-x86_64/usr/lib/ghc-8.0.1/include/rts/storage/ClosureMacros.h:502:37: error:
     note: expanded from macro 'ZERO_SLOP_FOR_LDV_PROF'
#define ZERO_SLOP_FOR_LDV_PROF     (defined(PROFILING))
                                    ^

/Library/Frameworks/GHC.framework/Versions/8.0.1-x86_64/usr/lib/ghc-8.0.1/include/rts/storage/ClosureMacros.h:552:32: error:
     warning: macro expansion producing 'defined' has undefined behavior [-Wexpansion-to-defined]
#if ZERO_SLOP_FOR_LDV_PROF && !ZERO_SLOP_FOR_SANITY_CHECK
                               ^

/Library/Frameworks/GHC.framework/Versions/8.0.1-x86_64/usr/lib/ghc-8.0.1/include/rts/storage/ClosureMacros.h:503:37: error:
     note: expanded from macro 'ZERO_SLOP_FOR_SANITY_CHECK'
#define ZERO_SLOP_FOR_SANITY_CHECK (defined(DEBUG) && !defined(THREADED_RTS))
                                    ^

/Library/Frameworks/GHC.framework/Versions/8.0.1-x86_64/usr/lib/ghc-8.0.1/include/rts/storage/ClosureMacros.h:552:32: error:
     warning: macro expansion producing 'defined' has undefined behavior [-Wexpansion-to-defined]

/Library/Frameworks/GHC.framework/Versions/8.0.1-x86_64/usr/lib/ghc-8.0.1/include/rts/storage/ClosureMacros.h:503:56: error:
     note: expanded from macro 'ZERO_SLOP_FOR_SANITY_CHECK'
#define ZERO_SLOP_FOR_SANITY_CHECK (defined(DEBUG) && !defined(THREADED_RTS))
                                                       ^
9 warnings generated.
[3 of 9] Compiling Graphics.Gloss.Internals.Data.Picture ( Graphics/Gloss/Internals/Data/Picture.hs, dist/dist-sandbox-8b42a4cd/build/Graphics/Gloss/Internals/Data/Picture.p_o )

In file included from /var/folders/_n/xb0nmrd167vgc2dfr2164t9r0000gn/T/ghc1476_0/ghc_23.c:2:0: error:
    

In file included from /Library/Frameworks/GHC.framework/Versions/8.0.1-x86_64/usr/lib/ghc-8.0.1/include/Rts.h:217:0: error:
    

/Library/Frameworks/GHC.framework/Versions/8.0.1-x86_64/usr/lib/ghc-8.0.1/include/rts/storage/ClosureMacros.h:505:5: error:
     warning: macro expansion producing 'defined' has undefined behavior [-Wexpansion-to-defined]
#if ZERO_SLOP_FOR_LDV_PROF || ZERO_SLOP_FOR_SANITY_CHECK
    ^

/Library/Frameworks/GHC.framework/Versions/8.0.1-x86_64/usr/lib/ghc-8.0.1/include/rts/storage/ClosureMacros.h:502:37: error:
     note: expanded from macro 'ZERO_SLOP_FOR_LDV_PROF'
#define ZERO_SLOP_FOR_LDV_PROF     (defined(PROFILING))
                                    ^

/Library/Frameworks/GHC.framework/Versions/8.0.1-x86_64/usr/lib/ghc-8.0.1/include/rts/storage/ClosureMacros.h:505:31: error:
     warning: macro expansion producing 'defined' has undefined behavior [-Wexpansion-to-defined]
#if ZERO_SLOP_FOR_LDV_PROF || ZERO_SLOP_FOR_SANITY_CHECK
                              ^

/Library/Frameworks/GHC.framework/Versions/8.0.1-x86_64/usr/lib/ghc-8.0.1/include/rts/storage/ClosureMacros.h:503:37: error:
     note: expanded from macro 'ZERO_SLOP_FOR_SANITY_CHECK'
#define ZERO_SLOP_FOR_SANITY_CHECK (defined(DEBUG) && !defined(THREADED_RTS))
                                    ^

/Library/Frameworks/GHC.framework/Versions/8.0.1-x86_64/usr/lib/ghc-8.0.1/include/rts/storage/ClosureMacros.h:505:31: error:
     warning: macro expansion producing 'defined' has undefined behavior [-Wexpansion-to-defined]

/Library/Frameworks/GHC.framework/Versions/8.0.1-x86_64/usr/lib/ghc-8.0.1/include/rts/storage/ClosureMacros.h:503:56: error:
     note: expanded from macro 'ZERO_SLOP_FOR_SANITY_CHECK'
#define ZERO_SLOP_FOR_SANITY_CHECK (defined(DEBUG) && !defined(THREADED_RTS))
                                                       ^

/Library/Frameworks/GHC.framework/Versions/8.0.1-x86_64/usr/lib/ghc-8.0.1/include/rts/storage/ClosureMacros.h:523:5: error:
     warning: macro expansion producing 'defined' has undefined behavior [-Wexpansion-to-defined]
#if ZERO_SLOP_FOR_LDV_PROF && !ZERO_SLOP_FOR_SANITY_CHECK
    ^

/Library/Frameworks/GHC.framework/Versions/8.0.1-x86_64/usr/lib/ghc-8.0.1/include/rts/storage/ClosureMacros.h:502:37: error:
     note: expanded from macro 'ZERO_SLOP_FOR_LDV_PROF'
#define ZERO_SLOP_FOR_LDV_PROF     (defined(PROFILING))
                                    ^

/Library/Frameworks/GHC.framework/Versions/8.0.1-x86_64/usr/lib/ghc-8.0.1/include/rts/storage/ClosureMacros.h:523:32: error:
     warning: macro expansion producing 'defined' has undefined behavior [-Wexpansion-to-defined]
#if ZERO_SLOP_FOR_LDV_PROF && !ZERO_SLOP_FOR_SANITY_CHECK
                               ^

/Library/Frameworks/GHC.framework/Versions/8.0.1-x86_64/usr/lib/ghc-8.0.1/include/rts/storage/ClosureMacros.h:503:37: error:
     note: expanded from macro 'ZERO_SLOP_FOR_SANITY_CHECK'
#define ZERO_SLOP_FOR_SANITY_CHECK (defined(DEBUG) && !defined(THREADED_RTS))
                                    ^

/Library/Frameworks/GHC.framework/Versions/8.0.1-x86_64/usr/lib/ghc-8.0.1/include/rts/storage/ClosureMacros.h:523:32: error:
     warning: macro expansion producing 'defined' has undefined behavior [-Wexpansion-to-defined]

/Library/Frameworks/GHC.framework/Versions/8.0.1-x86_64/usr/lib/ghc-8.0.1/include/rts/storage/ClosureMacros.h:503:56: error:
     note: expanded from macro 'ZERO_SLOP_FOR_SANITY_CHECK'
#define ZERO_SLOP_FOR_SANITY_CHECK (defined(DEBUG) && !defined(THREADED_RTS))
                                                       ^

/Library/Frameworks/GHC.framework/Versions/8.0.1-x86_64/usr/lib/ghc-8.0.1/include/rts/storage/ClosureMacros.h:552:5: error:
     warning: macro expansion producing 'defined' has undefined behavior [-Wexpansion-to-defined]
#if ZERO_SLOP_FOR_LDV_PROF && !ZERO_SLOP_FOR_SANITY_CHECK
    ^

/Library/Frameworks/GHC.framework/Versions/8.0.1-x86_64/usr/lib/ghc-8.0.1/include/rts/storage/ClosureMacros.h:502:37: error:
     note: expanded from macro 'ZERO_SLOP_FOR_LDV_PROF'
#define ZERO_SLOP_FOR_LDV_PROF     (defined(PROFILING))
                                    ^

/Library/Frameworks/GHC.framework/Versions/8.0.1-x86_64/usr/lib/ghc-8.0.1/include/rts/storage/ClosureMacros.h:552:32: error:
     warning: macro expansion producing 'defined' has undefined behavior [-Wexpansion-to-defined]
#if ZERO_SLOP_FOR_LDV_PROF && !ZERO_SLOP_FOR_SANITY_CHECK
                               ^

/Library/Frameworks/GHC.framework/Versions/8.0.1-x86_64/usr/lib/ghc-8.0.1/include/rts/storage/ClosureMacros.h:503:37: error:
     note: expanded from macro 'ZERO_SLOP_FOR_SANITY_CHECK'
#define ZERO_SLOP_FOR_SANITY_CHECK (defined(DEBUG) && !defined(THREADED_RTS))
                                    ^

/Library/Frameworks/GHC.framework/Versions/8.0.1-x86_64/usr/lib/ghc-8.0.1/include/rts/storage/ClosureMacros.h:552:32: error:
     warning: macro expansion producing 'defined' has undefined behavior [-Wexpansion-to-defined]

/Library/Frameworks/GHC.framework/Versions/8.0.1-x86_64/usr/lib/ghc-8.0.1/include/rts/storage/ClosureMacros.h:503:56: error:
     note: expanded from macro 'ZERO_SLOP_FOR_SANITY_CHECK'
#define ZERO_SLOP_FOR_SANITY_CHECK (defined(DEBUG) && !defined(THREADED_RTS))
                                                       ^
9 warnings generated.
[4 of 9] Compiling Graphics.Gloss.Internals.Rendering.State ( Graphics/Gloss/Internals/Rendering/State.hs, dist/dist-sandbox-8b42a4cd/build/Graphics/Gloss/Internals/Rendering/State.p_o )

In file included from /var/folders/_n/xb0nmrd167vgc2dfr2164t9r0000gn/T/ghc1476_0/ghc_32.c:2:0: error:
    

In file included from /Library/Frameworks/GHC.framework/Versions/8.0.1-x86_64/usr/lib/ghc-8.0.1/include/Rts.h:217:0: error:
    

/Library/Frameworks/GHC.framework/Versions/8.0.1-x86_64/usr/lib/ghc-8.0.1/include/rts/storage/ClosureMacros.h:505:5: error:
     warning: macro expansion producing 'defined' has undefined behavior [-Wexpansion-to-defined]
#if ZERO_SLOP_FOR_LDV_PROF || ZERO_SLOP_FOR_SANITY_CHECK
    ^

/Library/Frameworks/GHC.framework/Versions/8.0.1-x86_64/usr/lib/ghc-8.0.1/include/rts/storage/ClosureMacros.h:502:37: error:
     note: expanded from macro 'ZERO_SLOP_FOR_LDV_PROF'
#define ZERO_SLOP_FOR_LDV_PROF     (defined(PROFILING))
                                    ^

/Library/Frameworks/GHC.framework/Versions/8.0.1-x86_64/usr/lib/ghc-8.0.1/include/rts/storage/ClosureMacros.h:505:31: error:
     warning: macro expansion producing 'defined' has undefined behavior [-Wexpansion-to-defined]
#if ZERO_SLOP_FOR_LDV_PROF || ZERO_SLOP_FOR_SANITY_CHECK
                              ^

/Library/Frameworks/GHC.framework/Versions/8.0.1-x86_64/usr/lib/ghc-8.0.1/include/rts/storage/ClosureMacros.h:503:37: error:
     note: expanded from macro 'ZERO_SLOP_FOR_SANITY_CHECK'
#define ZERO_SLOP_FOR_SANITY_CHECK (defined(DEBUG) && !defined(THREADED_RTS))
                                    ^

/Library/Frameworks/GHC.framework/Versions/8.0.1-x86_64/usr/lib/ghc-8.0.1/include/rts/storage/ClosureMacros.h:505:31: error:
     warning: macro expansion producing 'defined' has undefined behavior [-Wexpansion-to-defined]

/Library/Frameworks/GHC.framework/Versions/8.0.1-x86_64/usr/lib/ghc-8.0.1/include/rts/storage/ClosureMacros.h:503:56: error:
     note: expanded from macro 'ZERO_SLOP_FOR_SANITY_CHECK'
#define ZERO_SLOP_FOR_SANITY_CHECK (defined(DEBUG) && !defined(THREADED_RTS))
                                                       ^

/Library/Frameworks/GHC.framework/Versions/8.0.1-x86_64/usr/lib/ghc-8.0.1/include/rts/storage/ClosureMacros.h:523:5: error:
     warning: macro expansion producing 'defined' has undefined behavior [-Wexpansion-to-defined]
#if ZERO_SLOP_FOR_LDV_PROF && !ZERO_SLOP_FOR_SANITY_CHECK
    ^

/Library/Frameworks/GHC.framework/Versions/8.0.1-x86_64/usr/lib/ghc-8.0.1/include/rts/storage/ClosureMacros.h:502:37: error:
     note: expanded from macro 'ZERO_SLOP_FOR_LDV_PROF'
#define ZERO_SLOP_FOR_LDV_PROF     (defined(PROFILING))
                                    ^

/Library/Frameworks/GHC.framework/Versions/8.0.1-x86_64/usr/lib/ghc-8.0.1/include/rts/storage/ClosureMacros.h:523:32: error:
     warning: macro expansion producing 'defined' has undefined behavior [-Wexpansion-to-defined]
#if ZERO_SLOP_FOR_LDV_PROF && !ZERO_SLOP_FOR_SANITY_CHECK
                               ^

/Library/Frameworks/GHC.framework/Versions/8.0.1-x86_64/usr/lib/ghc-8.0.1/include/rts/storage/ClosureMacros.h:503:37: error:
     note: expanded from macro 'ZERO_SLOP_FOR_SANITY_CHECK'
#define ZERO_SLOP_FOR_SANITY_CHECK (defined(DEBUG) && !defined(THREADED_RTS))
                                    ^

/Library/Frameworks/GHC.framework/Versions/8.0.1-x86_64/usr/lib/ghc-8.0.1/include/rts/storage/ClosureMacros.h:523:32: error:
     warning: macro expansion producing 'defined' has undefined behavior [-Wexpansion-to-defined]

/Library/Frameworks/GHC.framework/Versions/8.0.1-x86_64/usr/lib/ghc-8.0.1/include/rts/storage/ClosureMacros.h:503:56: error:
     note: expanded from macro 'ZERO_SLOP_FOR_SANITY_CHECK'
#define ZERO_SLOP_FOR_SANITY_CHECK (defined(DEBUG) && !defined(THREADED_RTS))
                                                       ^

/Library/Frameworks/GHC.framework/Versions/8.0.1-x86_64/usr/lib/ghc-8.0.1/include/rts/storage/ClosureMacros.h:552:5: error:
     warning: macro expansion producing 'defined' has undefined behavior [-Wexpansion-to-defined]
#if ZERO_SLOP_FOR_LDV_PROF && !ZERO_SLOP_FOR_SANITY_CHECK
    ^

/Library/Frameworks/GHC.framework/Versions/8.0.1-x86_64/usr/lib/ghc-8.0.1/include/rts/storage/ClosureMacros.h:502:37: error:
     note: expanded from macro 'ZERO_SLOP_FOR_LDV_PROF'
#define ZERO_SLOP_FOR_LDV_PROF     (defined(PROFILING))
                                    ^

/Library/Frameworks/GHC.framework/Versions/8.0.1-x86_64/usr/lib/ghc-8.0.1/include/rts/storage/ClosureMacros.h:552:32: error:
     warning: macro expansion producing 'defined' has undefined behavior [-Wexpansion-to-defined]
#if ZERO_SLOP_FOR_LDV_PROF && !ZERO_SLOP_FOR_SANITY_CHECK
                               ^

/Library/Frameworks/GHC.framework/Versions/8.0.1-x86_64/usr/lib/ghc-8.0.1/include/rts/storage/ClosureMacros.h:503:37: error:
     note: expanded from macro 'ZERO_SLOP_FOR_SANITY_CHECK'
#define ZERO_SLOP_FOR_SANITY_CHECK (defined(DEBUG) && !defined(THREADED_RTS))
                                    ^

/Library/Frameworks/GHC.framework/Versions/8.0.1-x86_64/usr/lib/ghc-8.0.1/include/rts/storage/ClosureMacros.h:552:32: error:
     warning: macro expansion producing 'defined' has undefined behavior [-Wexpansion-to-defined]

/Library/Frameworks/GHC.framework/Versions/8.0.1-x86_64/usr/lib/ghc-8.0.1/include/rts/storage/ClosureMacros.h:503:56: error:
     note: expanded from macro 'ZERO_SLOP_FOR_SANITY_CHECK'
#define ZERO_SLOP_FOR_SANITY_CHECK (defined(DEBUG) && !defined(THREADED_RTS))
                                                       ^
9 warnings generated.
[5 of 9] Compiling Graphics.Gloss.Internals.Rendering.Color ( Graphics/Gloss/Internals/Rendering/Color.hs, dist/dist-sandbox-8b42a4cd/build/Graphics/Gloss/Internals/Rendering/Color.p_o )

In file included from /var/folders/_n/xb0nmrd167vgc2dfr2164t9r0000gn/T/ghc1476_0/ghc_41.c:2:0: error:
    

In file included from /Library/Frameworks/GHC.framework/Versions/8.0.1-x86_64/usr/lib/ghc-8.0.1/include/Rts.h:217:0: error:
    

/Library/Frameworks/GHC.framework/Versions/8.0.1-x86_64/usr/lib/ghc-8.0.1/include/rts/storage/ClosureMacros.h:505:5: error:
     warning: macro expansion producing 'defined' has undefined behavior [-Wexpansion-to-defined]
#if ZERO_SLOP_FOR_LDV_PROF || ZERO_SLOP_FOR_SANITY_CHECK
    ^

/Library/Frameworks/GHC.framework/Versions/8.0.1-x86_64/usr/lib/ghc-8.0.1/include/rts/storage/ClosureMacros.h:502:37: error:
     note: expanded from macro 'ZERO_SLOP_FOR_LDV_PROF'
#define ZERO_SLOP_FOR_LDV_PROF     (defined(PROFILING))
                                    ^

/Library/Frameworks/GHC.framework/Versions/8.0.1-x86_64/usr/lib/ghc-8.0.1/include/rts/storage/ClosureMacros.h:505:31: error:
     warning: macro expansion producing 'defined' has undefined behavior [-Wexpansion-to-defined]
#if ZERO_SLOP_FOR_LDV_PROF || ZERO_SLOP_FOR_SANITY_CHECK
                              ^

/Library/Frameworks/GHC.framework/Versions/8.0.1-x86_64/usr/lib/ghc-8.0.1/include/rts/storage/ClosureMacros.h:503:37: error:
     note: expanded from macro 'ZERO_SLOP_FOR_SANITY_CHECK'
#define ZERO_SLOP_FOR_SANITY_CHECK (defined(DEBUG) && !defined(THREADED_RTS))
                                    ^

/Library/Frameworks/GHC.framework/Versions/8.0.1-x86_64/usr/lib/ghc-8.0.1/include/rts/storage/ClosureMacros.h:505:31: error:
     warning: macro expansion producing 'defined' has undefined behavior [-Wexpansion-to-defined]

/Library/Frameworks/GHC.framework/Versions/8.0.1-x86_64/usr/lib/ghc-8.0.1/include/rts/storage/ClosureMacros.h:503:56: error:
     note: expanded from macro 'ZERO_SLOP_FOR_SANITY_CHECK'
#define ZERO_SLOP_FOR_SANITY_CHECK (defined(DEBUG) && !defined(THREADED_RTS))
                                                       ^

/Library/Frameworks/GHC.framework/Versions/8.0.1-x86_64/usr/lib/ghc-8.0.1/include/rts/storage/ClosureMacros.h:523:5: error:
     warning: macro expansion producing 'defined' has undefined behavior [-Wexpansion-to-defined]
#if ZERO_SLOP_FOR_LDV_PROF && !ZERO_SLOP_FOR_SANITY_CHECK
    ^

/Library/Frameworks/GHC.framework/Versions/8.0.1-x86_64/usr/lib/ghc-8.0.1/include/rts/storage/ClosureMacros.h:502:37: error:
     note: expanded from macro 'ZERO_SLOP_FOR_LDV_PROF'
#define ZERO_SLOP_FOR_LDV_PROF     (defined(PROFILING))
                                    ^

/Library/Frameworks/GHC.framework/Versions/8.0.1-x86_64/usr/lib/ghc-8.0.1/include/rts/storage/ClosureMacros.h:523:32: error:
     warning: macro expansion producing 'defined' has undefined behavior [-Wexpansion-to-defined]
#if ZERO_SLOP_FOR_LDV_PROF && !ZERO_SLOP_FOR_SANITY_CHECK
                               ^

/Library/Frameworks/GHC.framework/Versions/8.0.1-x86_64/usr/lib/ghc-8.0.1/include/rts/storage/ClosureMacros.h:503:37: error:
     note: expanded from macro 'ZERO_SLOP_FOR_SANITY_CHECK'
#define ZERO_SLOP_FOR_SANITY_CHECK (defined(DEBUG) && !defined(THREADED_RTS))
                                    ^

/Library/Frameworks/GHC.framework/Versions/8.0.1-x86_64/usr/lib/ghc-8.0.1/include/rts/storage/ClosureMacros.h:523:32: error:
     warning: macro expansion producing 'defined' has undefined behavior [-Wexpansion-to-defined]

/Library/Frameworks/GHC.framework/Versions/8.0.1-x86_64/usr/lib/ghc-8.0.1/include/rts/storage/ClosureMacros.h:503:56: error:
     note: expanded from macro 'ZERO_SLOP_FOR_SANITY_CHECK'
#define ZERO_SLOP_FOR_SANITY_CHECK (defined(DEBUG) && !defined(THREADED_RTS))
                                                       ^

/Library/Frameworks/GHC.framework/Versions/8.0.1-x86_64/usr/lib/ghc-8.0.1/include/rts/storage/ClosureMacros.h:552:5: error:
     warning: macro expansion producing 'defined' has undefined behavior [-Wexpansion-to-defined]
#if ZERO_SLOP_FOR_LDV_PROF && !ZERO_SLOP_FOR_SANITY_CHECK
    ^

/Library/Frameworks/GHC.framework/Versions/8.0.1-x86_64/usr/lib/ghc-8.0.1/include/rts/storage/ClosureMacros.h:502:37: error:
     note: expanded from macro 'ZERO_SLOP_FOR_LDV_PROF'
#define ZERO_SLOP_FOR_LDV_PROF     (defined(PROFILING))
                                    ^

/Library/Frameworks/GHC.framework/Versions/8.0.1-x86_64/usr/lib/ghc-8.0.1/include/rts/storage/ClosureMacros.h:552:32: error:
     warning: macro expansion producing 'defined' has undefined behavior [-Wexpansion-to-defined]
#if ZERO_SLOP_FOR_LDV_PROF && !ZERO_SLOP_FOR_SANITY_CHECK
                               ^

/Library/Frameworks/GHC.framework/Versions/8.0.1-x86_64/usr/lib/ghc-8.0.1/include/rts/storage/ClosureMacros.h:503:37: error:
     note: expanded from macro 'ZERO_SLOP_FOR_SANITY_CHECK'
#define ZERO_SLOP_FOR_SANITY_CHECK (defined(DEBUG) && !defined(THREADED_RTS))
                                    ^

/Library/Frameworks/GHC.framework/Versions/8.0.1-x86_64/usr/lib/ghc-8.0.1/include/rts/storage/ClosureMacros.h:552:32: error:
     warning: macro expansion producing 'defined' has undefined behavior [-Wexpansion-to-defined]

/Library/Frameworks/GHC.framework/Versions/8.0.1-x86_64/usr/lib/ghc-8.0.1/include/rts/storage/ClosureMacros.h:503:56: error:
     note: expanded from macro 'ZERO_SLOP_FOR_SANITY_CHECK'
#define ZERO_SLOP_FOR_SANITY_CHECK (defined(DEBUG) && !defined(THREADED_RTS))
                                                       ^
9 warnings generated.
[6 of 9] Compiling Graphics.Gloss.Internals.Rendering.Common ( Graphics/Gloss/Internals/Rendering/Common.hs, dist/dist-sandbox-8b42a4cd/build/Graphics/Gloss/Internals/Rendering/Common.p_o )

In file included from /var/folders/_n/xb0nmrd167vgc2dfr2164t9r0000gn/T/ghc1476_0/ghc_50.c:2:0: error:
    

In file included from /Library/Frameworks/GHC.framework/Versions/8.0.1-x86_64/usr/lib/ghc-8.0.1/include/Rts.h:217:0: error:
    

/Library/Frameworks/GHC.framework/Versions/8.0.1-x86_64/usr/lib/ghc-8.0.1/include/rts/storage/ClosureMacros.h:505:5: error:
     warning: macro expansion producing 'defined' has undefined behavior [-Wexpansion-to-defined]
#if ZERO_SLOP_FOR_LDV_PROF || ZERO_SLOP_FOR_SANITY_CHECK
    ^

/Library/Frameworks/GHC.framework/Versions/8.0.1-x86_64/usr/lib/ghc-8.0.1/include/rts/storage/ClosureMacros.h:502:37: error:
     note: expanded from macro 'ZERO_SLOP_FOR_LDV_PROF'
#define ZERO_SLOP_FOR_LDV_PROF     (defined(PROFILING))
                                    ^

/Library/Frameworks/GHC.framework/Versions/8.0.1-x86_64/usr/lib/ghc-8.0.1/include/rts/storage/ClosureMacros.h:505:31: error:
     warning: macro expansion producing 'defined' has undefined behavior [-Wexpansion-to-defined]
#if ZERO_SLOP_FOR_LDV_PROF || ZERO_SLOP_FOR_SANITY_CHECK
                              ^

/Library/Frameworks/GHC.framework/Versions/8.0.1-x86_64/usr/lib/ghc-8.0.1/include/rts/storage/ClosureMacros.h:503:37: error:
     note: expanded from macro 'ZERO_SLOP_FOR_SANITY_CHECK'
#define ZERO_SLOP_FOR_SANITY_CHECK (defined(DEBUG) && !defined(THREADED_RTS))
                                    ^

/Library/Frameworks/GHC.framework/Versions/8.0.1-x86_64/usr/lib/ghc-8.0.1/include/rts/storage/ClosureMacros.h:505:31: error:
     warning: macro expansion producing 'defined' has undefined behavior [-Wexpansion-to-defined]

/Library/Frameworks/GHC.framework/Versions/8.0.1-x86_64/usr/lib/ghc-8.0.1/include/rts/storage/ClosureMacros.h:503:56: error:
     note: expanded from macro 'ZERO_SLOP_FOR_SANITY_CHECK'
#define ZERO_SLOP_FOR_SANITY_CHECK (defined(DEBUG) && !defined(THREADED_RTS))
                                                       ^

/Library/Frameworks/GHC.framework/Versions/8.0.1-x86_64/usr/lib/ghc-8.0.1/include/rts/storage/ClosureMacros.h:523:5: error:
     warning: macro expansion producing 'defined' has undefined behavior [-Wexpansion-to-defined]
#if ZERO_SLOP_FOR_LDV_PROF && !ZERO_SLOP_FOR_SANITY_CHECK
    ^

/Library/Frameworks/GHC.framework/Versions/8.0.1-x86_64/usr/lib/ghc-8.0.1/include/rts/storage/ClosureMacros.h:502:37: error:
     note: expanded from macro 'ZERO_SLOP_FOR_LDV_PROF'
#define ZERO_SLOP_FOR_LDV_PROF     (defined(PROFILING))
                                    ^

/Library/Frameworks/GHC.framework/Versions/8.0.1-x86_64/usr/lib/ghc-8.0.1/include/rts/storage/ClosureMacros.h:523:32: error:
     warning: macro expansion producing 'defined' has undefined behavior [-Wexpansion-to-defined]
#if ZERO_SLOP_FOR_LDV_PROF && !ZERO_SLOP_FOR_SANITY_CHECK
                               ^

/Library/Frameworks/GHC.framework/Versions/8.0.1-x86_64/usr/lib/ghc-8.0.1/include/rts/storage/ClosureMacros.h:503:37: error:
     note: expanded from macro 'ZERO_SLOP_FOR_SANITY_CHECK'
#define ZERO_SLOP_FOR_SANITY_CHECK (defined(DEBUG) && !defined(THREADED_RTS))
                                    ^

/Library/Frameworks/GHC.framework/Versions/8.0.1-x86_64/usr/lib/ghc-8.0.1/include/rts/storage/ClosureMacros.h:523:32: error:
     warning: macro expansion producing 'defined' has undefined behavior [-Wexpansion-to-defined]

/Library/Frameworks/GHC.framework/Versions/8.0.1-x86_64/usr/lib/ghc-8.0.1/include/rts/storage/ClosureMacros.h:503:56: error:
     note: expanded from macro 'ZERO_SLOP_FOR_SANITY_CHECK'
#define ZERO_SLOP_FOR_SANITY_CHECK (defined(DEBUG) && !defined(THREADED_RTS))
                                                       ^

/Library/Frameworks/GHC.framework/Versions/8.0.1-x86_64/usr/lib/ghc-8.0.1/include/rts/storage/ClosureMacros.h:552:5: error:
     warning: macro expansion producing 'defined' has undefined behavior [-Wexpansion-to-defined]
#if ZERO_SLOP_FOR_LDV_PROF && !ZERO_SLOP_FOR_SANITY_CHECK
    ^

/Library/Frameworks/GHC.framework/Versions/8.0.1-x86_64/usr/lib/ghc-8.0.1/include/rts/storage/ClosureMacros.h:502:37: error:
     note: expanded from macro 'ZERO_SLOP_FOR_LDV_PROF'
#define ZERO_SLOP_FOR_LDV_PROF     (defined(PROFILING))
                                    ^

/Library/Frameworks/GHC.framework/Versions/8.0.1-x86_64/usr/lib/ghc-8.0.1/include/rts/storage/ClosureMacros.h:552:32: error:
     warning: macro expansion producing 'defined' has undefined behavior [-Wexpansion-to-defined]
#if ZERO_SLOP_FOR_LDV_PROF && !ZERO_SLOP_FOR_SANITY_CHECK
                               ^

/Library/Frameworks/GHC.framework/Versions/8.0.1-x86_64/usr/lib/ghc-8.0.1/include/rts/storage/ClosureMacros.h:503:37: error:
     note: expanded from macro 'ZERO_SLOP_FOR_SANITY_CHECK'
#define ZERO_SLOP_FOR_SANITY_CHECK (defined(DEBUG) && !defined(THREADED_RTS))
                                    ^

/Library/Frameworks/GHC.framework/Versions/8.0.1-x86_64/usr/lib/ghc-8.0.1/include/rts/storage/ClosureMacros.h:552:32: error:
     warning: macro expansion producing 'defined' has undefined behavior [-Wexpansion-to-defined]

/Library/Frameworks/GHC.framework/Versions/8.0.1-x86_64/usr/lib/ghc-8.0.1/include/rts/storage/ClosureMacros.h:503:56: error:
     note: expanded from macro 'ZERO_SLOP_FOR_SANITY_CHECK'
#define ZERO_SLOP_FOR_SANITY_CHECK (defined(DEBUG) && !defined(THREADED_RTS))
                                                       ^
9 warnings generated.
[7 of 9] Compiling Graphics.Gloss.Internals.Rendering.Circle ( Graphics/Gloss/Internals/Rendering/Circle.hs, dist/dist-sandbox-8b42a4cd/build/Graphics/Gloss/Internals/Rendering/Circle.p_o )

In file included from /var/folders/_n/xb0nmrd167vgc2dfr2164t9r0000gn/T/ghc1476_0/ghc_59.c:2:0: error:
    

In file included from /Library/Frameworks/GHC.framework/Versions/8.0.1-x86_64/usr/lib/ghc-8.0.1/include/Rts.h:217:0: error:
    

/Library/Frameworks/GHC.framework/Versions/8.0.1-x86_64/usr/lib/ghc-8.0.1/include/rts/storage/ClosureMacros.h:505:5: error:
     warning: macro expansion producing 'defined' has undefined behavior [-Wexpansion-to-defined]
#if ZERO_SLOP_FOR_LDV_PROF || ZERO_SLOP_FOR_SANITY_CHECK
    ^

/Library/Frameworks/GHC.framework/Versions/8.0.1-x86_64/usr/lib/ghc-8.0.1/include/rts/storage/ClosureMacros.h:502:37: error:
     note: expanded from macro 'ZERO_SLOP_FOR_LDV_PROF'
#define ZERO_SLOP_FOR_LDV_PROF     (defined(PROFILING))
                                    ^

/Library/Frameworks/GHC.framework/Versions/8.0.1-x86_64/usr/lib/ghc-8.0.1/include/rts/storage/ClosureMacros.h:505:31: error:
     warning: macro expansion producing 'defined' has undefined behavior [-Wexpansion-to-defined]
#if ZERO_SLOP_FOR_LDV_PROF || ZERO_SLOP_FOR_SANITY_CHECK
                              ^

/Library/Frameworks/GHC.framework/Versions/8.0.1-x86_64/usr/lib/ghc-8.0.1/include/rts/storage/ClosureMacros.h:503:37: error:
     note: expanded from macro 'ZERO_SLOP_FOR_SANITY_CHECK'
#define ZERO_SLOP_FOR_SANITY_CHECK (defined(DEBUG) && !defined(THREADED_RTS))
                                    ^

/Library/Frameworks/GHC.framework/Versions/8.0.1-x86_64/usr/lib/ghc-8.0.1/include/rts/storage/ClosureMacros.h:505:31: error:
     warning: macro expansion producing 'defined' has undefined behavior [-Wexpansion-to-defined]

/Library/Frameworks/GHC.framework/Versions/8.0.1-x86_64/usr/lib/ghc-8.0.1/include/rts/storage/ClosureMacros.h:503:56: error:
     note: expanded from macro 'ZERO_SLOP_FOR_SANITY_CHECK'
#define ZERO_SLOP_FOR_SANITY_CHECK (defined(DEBUG) && !defined(THREADED_RTS))
                                                       ^

/Library/Frameworks/GHC.framework/Versions/8.0.1-x86_64/usr/lib/ghc-8.0.1/include/rts/storage/ClosureMacros.h:523:5: error:
     warning: macro expansion producing 'defined' has undefined behavior [-Wexpansion-to-defined]
#if ZERO_SLOP_FOR_LDV_PROF && !ZERO_SLOP_FOR_SANITY_CHECK
    ^

/Library/Frameworks/GHC.framework/Versions/8.0.1-x86_64/usr/lib/ghc-8.0.1/include/rts/storage/ClosureMacros.h:502:37: error:
     note: expanded from macro 'ZERO_SLOP_FOR_LDV_PROF'
#define ZERO_SLOP_FOR_LDV_PROF     (defined(PROFILING))
                                    ^

/Library/Frameworks/GHC.framework/Versions/8.0.1-x86_64/usr/lib/ghc-8.0.1/include/rts/storage/ClosureMacros.h:523:32: error:
     warning: macro expansion producing 'defined' has undefined behavior [-Wexpansion-to-defined]
#if ZERO_SLOP_FOR_LDV_PROF && !ZERO_SLOP_FOR_SANITY_CHECK
                               ^

/Library/Frameworks/GHC.framework/Versions/8.0.1-x86_64/usr/lib/ghc-8.0.1/include/rts/storage/ClosureMacros.h:503:37: error:
     note: expanded from macro 'ZERO_SLOP_FOR_SANITY_CHECK'
#define ZERO_SLOP_FOR_SANITY_CHECK (defined(DEBUG) && !defined(THREADED_RTS))
                                    ^

/Library/Frameworks/GHC.framework/Versions/8.0.1-x86_64/usr/lib/ghc-8.0.1/include/rts/storage/ClosureMacros.h:523:32: error:
     warning: macro expansion producing 'defined' has undefined behavior [-Wexpansion-to-defined]

/Library/Frameworks/GHC.framework/Versions/8.0.1-x86_64/usr/lib/ghc-8.0.1/include/rts/storage/ClosureMacros.h:503:56: error:
     note: expanded from macro 'ZERO_SLOP_FOR_SANITY_CHECK'
#define ZERO_SLOP_FOR_SANITY_CHECK (defined(DEBUG) && !defined(THREADED_RTS))
                                                       ^

/Library/Frameworks/GHC.framework/Versions/8.0.1-x86_64/usr/lib/ghc-8.0.1/include/rts/storage/ClosureMacros.h:552:5: error:
     warning: macro expansion producing 'defined' has undefined behavior [-Wexpansion-to-defined]
#if ZERO_SLOP_FOR_LDV_PROF && !ZERO_SLOP_FOR_SANITY_CHECK
    ^

/Library/Frameworks/GHC.framework/Versions/8.0.1-x86_64/usr/lib/ghc-8.0.1/include/rts/storage/ClosureMacros.h:502:37: error:
     note: expanded from macro 'ZERO_SLOP_FOR_LDV_PROF'
#define ZERO_SLOP_FOR_LDV_PROF     (defined(PROFILING))
                                    ^

/Library/Frameworks/GHC.framework/Versions/8.0.1-x86_64/usr/lib/ghc-8.0.1/include/rts/storage/ClosureMacros.h:552:32: error:
     warning: macro expansion producing 'defined' has undefined behavior [-Wexpansion-to-defined]
#if ZERO_SLOP_FOR_LDV_PROF && !ZERO_SLOP_FOR_SANITY_CHECK
                               ^

/Library/Frameworks/GHC.framework/Versions/8.0.1-x86_64/usr/lib/ghc-8.0.1/include/rts/storage/ClosureMacros.h:503:37: error:
     note: expanded from macro 'ZERO_SLOP_FOR_SANITY_CHECK'
#define ZERO_SLOP_FOR_SANITY_CHECK (defined(DEBUG) && !defined(THREADED_RTS))
                                    ^

/Library/Frameworks/GHC.framework/Versions/8.0.1-x86_64/usr/lib/ghc-8.0.1/include/rts/storage/ClosureMacros.h:552:32: error:
     warning: macro expansion producing 'defined' has undefined behavior [-Wexpansion-to-defined]

/Library/Frameworks/GHC.framework/Versions/8.0.1-x86_64/usr/lib/ghc-8.0.1/include/rts/storage/ClosureMacros.h:503:56: error:
     note: expanded from macro 'ZERO_SLOP_FOR_SANITY_CHECK'
#define ZERO_SLOP_FOR_SANITY_CHECK (defined(DEBUG) && !defined(THREADED_RTS))
                                                       ^
9 warnings generated.
[8 of 9] Compiling Graphics.Gloss.Internals.Rendering.Picture ( Graphics/Gloss/Internals/Rendering/Picture.hs, dist/dist-sandbox-8b42a4cd/build/Graphics/Gloss/Internals/Rendering/Picture.p_o )

In file included from /var/folders/_n/xb0nmrd167vgc2dfr2164t9r0000gn/T/ghc1476_0/ghc_68.c:2:0: error:
    

In file included from /Library/Frameworks/GHC.framework/Versions/8.0.1-x86_64/usr/lib/ghc-8.0.1/include/Rts.h:217:0: error:
    

/Library/Frameworks/GHC.framework/Versions/8.0.1-x86_64/usr/lib/ghc-8.0.1/include/rts/storage/ClosureMacros.h:505:5: error:
     warning: macro expansion producing 'defined' has undefined behavior [-Wexpansion-to-defined]
#if ZERO_SLOP_FOR_LDV_PROF || ZERO_SLOP_FOR_SANITY_CHECK
    ^

/Library/Frameworks/GHC.framework/Versions/8.0.1-x86_64/usr/lib/ghc-8.0.1/include/rts/storage/ClosureMacros.h:502:37: error:
     note: expanded from macro 'ZERO_SLOP_FOR_LDV_PROF'
#define ZERO_SLOP_FOR_LDV_PROF     (defined(PROFILING))
                                    ^

/Library/Frameworks/GHC.framework/Versions/8.0.1-x86_64/usr/lib/ghc-8.0.1/include/rts/storage/ClosureMacros.h:505:31: error:
     warning: macro expansion producing 'defined' has undefined behavior [-Wexpansion-to-defined]
#if ZERO_SLOP_FOR_LDV_PROF || ZERO_SLOP_FOR_SANITY_CHECK
                              ^

/Library/Frameworks/GHC.framework/Versions/8.0.1-x86_64/usr/lib/ghc-8.0.1/include/rts/storage/ClosureMacros.h:503:37: error:
     note: expanded from macro 'ZERO_SLOP_FOR_SANITY_CHECK'
#define ZERO_SLOP_FOR_SANITY_CHECK (defined(DEBUG) && !defined(THREADED_RTS))
                                    ^

/Library/Frameworks/GHC.framework/Versions/8.0.1-x86_64/usr/lib/ghc-8.0.1/include/rts/storage/ClosureMacros.h:505:31: error:
     warning: macro expansion producing 'defined' has undefined behavior [-Wexpansion-to-defined]

/Library/Frameworks/GHC.framework/Versions/8.0.1-x86_64/usr/lib/ghc-8.0.1/include/rts/storage/ClosureMacros.h:503:56: error:
     note: expanded from macro 'ZERO_SLOP_FOR_SANITY_CHECK'
#define ZERO_SLOP_FOR_SANITY_CHECK (defined(DEBUG) && !defined(THREADED_RTS))
                                                       ^

/Library/Frameworks/GHC.framework/Versions/8.0.1-x86_64/usr/lib/ghc-8.0.1/include/rts/storage/ClosureMacros.h:523:5: error:
     warning: macro expansion producing 'defined' has undefined behavior [-Wexpansion-to-defined]
#if ZERO_SLOP_FOR_LDV_PROF && !ZERO_SLOP_FOR_SANITY_CHECK
    ^

/Library/Frameworks/GHC.framework/Versions/8.0.1-x86_64/usr/lib/ghc-8.0.1/include/rts/storage/ClosureMacros.h:502:37: error:
     note: expanded from macro 'ZERO_SLOP_FOR_LDV_PROF'
#define ZERO_SLOP_FOR_LDV_PROF     (defined(PROFILING))
                                    ^

/Library/Frameworks/GHC.framework/Versions/8.0.1-x86_64/usr/lib/ghc-8.0.1/include/rts/storage/ClosureMacros.h:523:32: error:
     warning: macro expansion producing 'defined' has undefined behavior [-Wexpansion-to-defined]
#if ZERO_SLOP_FOR_LDV_PROF && !ZERO_SLOP_FOR_SANITY_CHECK
                               ^

/Library/Frameworks/GHC.framework/Versions/8.0.1-x86_64/usr/lib/ghc-8.0.1/include/rts/storage/ClosureMacros.h:503:37: error:
     note: expanded from macro 'ZERO_SLOP_FOR_SANITY_CHECK'
#define ZERO_SLOP_FOR_SANITY_CHECK (defined(DEBUG) && !defined(THREADED_RTS))
                                    ^

/Library/Frameworks/GHC.framework/Versions/8.0.1-x86_64/usr/lib/ghc-8.0.1/include/rts/storage/ClosureMacros.h:523:32: error:
     warning: macro expansion producing 'defined' has undefined behavior [-Wexpansion-to-defined]

/Library/Frameworks/GHC.framework/Versions/8.0.1-x86_64/usr/lib/ghc-8.0.1/include/rts/storage/ClosureMacros.h:503:56: error:
     note: expanded from macro 'ZERO_SLOP_FOR_SANITY_CHECK'
#define ZERO_SLOP_FOR_SANITY_CHECK (defined(DEBUG) && !defined(THREADED_RTS))
                                                       ^

/Library/Frameworks/GHC.framework/Versions/8.0.1-x86_64/usr/lib/ghc-8.0.1/include/rts/storage/ClosureMacros.h:552:5: error:
     warning: macro expansion producing 'defined' has undefined behavior [-Wexpansion-to-defined]
#if ZERO_SLOP_FOR_LDV_PROF && !ZERO_SLOP_FOR_SANITY_CHECK
    ^

/Library/Frameworks/GHC.framework/Versions/8.0.1-x86_64/usr/lib/ghc-8.0.1/include/rts/storage/ClosureMacros.h:502:37: error:
     note: expanded from macro 'ZERO_SLOP_FOR_LDV_PROF'
#define ZERO_SLOP_FOR_LDV_PROF     (defined(PROFILING))
                                    ^

/Library/Frameworks/GHC.framework/Versions/8.0.1-x86_64/usr/lib/ghc-8.0.1/include/rts/storage/ClosureMacros.h:552:32: error:
     warning: macro expansion producing 'defined' has undefined behavior [-Wexpansion-to-defined]
#if ZERO_SLOP_FOR_LDV_PROF && !ZERO_SLOP_FOR_SANITY_CHECK
                               ^

/Library/Frameworks/GHC.framework/Versions/8.0.1-x86_64/usr/lib/ghc-8.0.1/include/rts/storage/ClosureMacros.h:503:37: error:
     note: expanded from macro 'ZERO_SLOP_FOR_SANITY_CHECK'
#define ZERO_SLOP_FOR_SANITY_CHECK (defined(DEBUG) && !defined(THREADED_RTS))
                                    ^

/Library/Frameworks/GHC.framework/Versions/8.0.1-x86_64/usr/lib/ghc-8.0.1/include/rts/storage/ClosureMacros.h:552:32: error:
     warning: macro expansion producing 'defined' has undefined behavior [-Wexpansion-to-defined]

/Library/Frameworks/GHC.framework/Versions/8.0.1-x86_64/usr/lib/ghc-8.0.1/include/rts/storage/ClosureMacros.h:503:56: error:
     note: expanded from macro 'ZERO_SLOP_FOR_SANITY_CHECK'
#define ZERO_SLOP_FOR_SANITY_CHECK (defined(DEBUG) && !defined(THREADED_RTS))
                                                       ^
9 warnings generated.
[9 of 9] Compiling Graphics.Gloss.Rendering ( Graphics/Gloss/Rendering.hs, dist/dist-sandbox-8b42a4cd/build/Graphics/Gloss/Rendering.p_o )

In file included from /var/folders/_n/xb0nmrd167vgc2dfr2164t9r0000gn/T/ghc1476_0/ghc_77.c:2:0: error:
    

In file included from /Library/Frameworks/GHC.framework/Versions/8.0.1-x86_64/usr/lib/ghc-8.0.1/include/Rts.h:217:0: error:
    

/Library/Frameworks/GHC.framework/Versions/8.0.1-x86_64/usr/lib/ghc-8.0.1/include/rts/storage/ClosureMacros.h:505:5: error:
     warning: macro expansion producing 'defined' has undefined behavior [-Wexpansion-to-defined]
#if ZERO_SLOP_FOR_LDV_PROF || ZERO_SLOP_FOR_SANITY_CHECK
    ^

/Library/Frameworks/GHC.framework/Versions/8.0.1-x86_64/usr/lib/ghc-8.0.1/include/rts/storage/ClosureMacros.h:502:37: error:
     note: expanded from macro 'ZERO_SLOP_FOR_LDV_PROF'
#define ZERO_SLOP_FOR_LDV_PROF     (defined(PROFILING))
                                    ^

/Library/Frameworks/GHC.framework/Versions/8.0.1-x86_64/usr/lib/ghc-8.0.1/include/rts/storage/ClosureMacros.h:505:31: error:
     warning: macro expansion producing 'defined' has undefined behavior [-Wexpansion-to-defined]
#if ZERO_SLOP_FOR_LDV_PROF || ZERO_SLOP_FOR_SANITY_CHECK
                              ^

/Library/Frameworks/GHC.framework/Versions/8.0.1-x86_64/usr/lib/ghc-8.0.1/include/rts/storage/ClosureMacros.h:503:37: error:
     note: expanded from macro 'ZERO_SLOP_FOR_SANITY_CHECK'
#define ZERO_SLOP_FOR_SANITY_CHECK (defined(DEBUG) && !defined(THREADED_RTS))
                                    ^

/Library/Frameworks/GHC.framework/Versions/8.0.1-x86_64/usr/lib/ghc-8.0.1/include/rts/storage/ClosureMacros.h:505:31: error:
     warning: macro expansion producing 'defined' has undefined behavior [-Wexpansion-to-defined]

/Library/Frameworks/GHC.framework/Versions/8.0.1-x86_64/usr/lib/ghc-8.0.1/include/rts/storage/ClosureMacros.h:503:56: error:
     note: expanded from macro 'ZERO_SLOP_FOR_SANITY_CHECK'
#define ZERO_SLOP_FOR_SANITY_CHECK (defined(DEBUG) && !defined(THREADED_RTS))
                                                       ^

/Library/Frameworks/GHC.framework/Versions/8.0.1-x86_64/usr/lib/ghc-8.0.1/include/rts/storage/ClosureMacros.h:523:5: error:
     warning: macro expansion producing 'defined' has undefined behavior [-Wexpansion-to-defined]
#if ZERO_SLOP_FOR_LDV_PROF && !ZERO_SLOP_FOR_SANITY_CHECK
    ^

/Library/Frameworks/GHC.framework/Versions/8.0.1-x86_64/usr/lib/ghc-8.0.1/include/rts/storage/ClosureMacros.h:502:37: error:
     note: expanded from macro 'ZERO_SLOP_FOR_LDV_PROF'
#define ZERO_SLOP_FOR_LDV_PROF     (defined(PROFILING))
                                    ^

/Library/Frameworks/GHC.framework/Versions/8.0.1-x86_64/usr/lib/ghc-8.0.1/include/rts/storage/ClosureMacros.h:523:32: error:
     warning: macro expansion producing 'defined' has undefined behavior [-Wexpansion-to-defined]
#if ZERO_SLOP_FOR_LDV_PROF && !ZERO_SLOP_FOR_SANITY_CHECK
                               ^

/Library/Frameworks/GHC.framework/Versions/8.0.1-x86_64/usr/lib/ghc-8.0.1/include/rts/storage/ClosureMacros.h:503:37: error:
     note: expanded from macro 'ZERO_SLOP_FOR_SANITY_CHECK'
#define ZERO_SLOP_FOR_SANITY_CHECK (defined(DEBUG) && !defined(THREADED_RTS))
                                    ^

/Library/Frameworks/GHC.framework/Versions/8.0.1-x86_64/usr/lib/ghc-8.0.1/include/rts/storage/ClosureMacros.h:523:32: error:
     warning: macro expansion producing 'defined' has undefined behavior [-Wexpansion-to-defined]

/Library/Frameworks/GHC.framework/Versions/8.0.1-x86_64/usr/lib/ghc-8.0.1/include/rts/storage/ClosureMacros.h:503:56: error:
     note: expanded from macro 'ZERO_SLOP_FOR_SANITY_CHECK'
#define ZERO_SLOP_FOR_SANITY_CHECK (defined(DEBUG) && !defined(THREADED_RTS))
                                                       ^

/Library/Frameworks/GHC.framework/Versions/8.0.1-x86_64/usr/lib/ghc-8.0.1/include/rts/storage/ClosureMacros.h:552:5: error:
     warning: macro expansion producing 'defined' has undefined behavior [-Wexpansion-to-defined]
#if ZERO_SLOP_FOR_LDV_PROF && !ZERO_SLOP_FOR_SANITY_CHECK
    ^

/Library/Frameworks/GHC.framework/Versions/8.0.1-x86_64/usr/lib/ghc-8.0.1/include/rts/storage/ClosureMacros.h:502:37: error:
     note: expanded from macro 'ZERO_SLOP_FOR_LDV_PROF'
#define ZERO_SLOP_FOR_LDV_PROF     (defined(PROFILING))
                                    ^

/Library/Frameworks/GHC.framework/Versions/8.0.1-x86_64/usr/lib/ghc-8.0.1/include/rts/storage/ClosureMacros.h:552:32: error:
     warning: macro expansion producing 'defined' has undefined behavior [-Wexpansion-to-defined]
#if ZERO_SLOP_FOR_LDV_PROF && !ZERO_SLOP_FOR_SANITY_CHECK
                               ^

/Library/Frameworks/GHC.framework/Versions/8.0.1-x86_64/usr/lib/ghc-8.0.1/include/rts/storage/ClosureMacros.h:503:37: error:
     note: expanded from macro 'ZERO_SLOP_FOR_SANITY_CHECK'
#define ZERO_SLOP_FOR_SANITY_CHECK (defined(DEBUG) && !defined(THREADED_RTS))
                                    ^

/Library/Frameworks/GHC.framework/Versions/8.0.1-x86_64/usr/lib/ghc-8.0.1/include/rts/storage/ClosureMacros.h:552:32: error:
     warning: macro expansion producing 'defined' has undefined behavior [-Wexpansion-to-defined]

/Library/Frameworks/GHC.framework/Versions/8.0.1-x86_64/usr/lib/ghc-8.0.1/include/rts/storage/ClosureMacros.h:503:56: error:
     note: expanded from macro 'ZERO_SLOP_FOR_SANITY_CHECK'
#define ZERO_SLOP_FOR_SANITY_CHECK (defined(DEBUG) && !defined(THREADED_RTS))
                                                       ^
9 warnings generated.
Running Haddock for gloss-rendering-1.12.0.0...
Preprocessing library gloss-rendering-1.12.0.0...
Haddock coverage:
 100% (  7 /  7) in 'Graphics.Gloss.Internals.Rendering.Bitmap'
 100% (  8 /  8) in 'Graphics.Gloss.Internals.Data.Color'
 100% ( 14 / 14) in 'Graphics.Gloss.Internals.Data.Picture'
 100% (  4 /  4) in 'Graphics.Gloss.Internals.Rendering.State'
  50% (  1 /  2) in 'Graphics.Gloss.Internals.Rendering.Color'
  Missing documentation for:
    Module header
  80% (  4 /  5) in 'Graphics.Gloss.Internals.Rendering.Common'
  Missing documentation for:
    Module header
 100% (  3 /  3) in 'Graphics.Gloss.Internals.Rendering.Circle'
  50% (  1 /  2) in 'Graphics.Gloss.Internals.Rendering.Picture'
  Missing documentation for:
    Module header
  97% ( 29 / 30) in 'Graphics.Gloss.Rendering'
  Missing documentation for:
    Module header
Documentation created:
dist/dist-sandbox-8b42a4cd/doc/html/gloss-rendering/index.html
Creating package registration file:
/var/folders/_n/xb0nmrd167vgc2dfr2164t9r0000gn/T/pkgConf-gloss-rendering-1.12.0144128232716531729.0
Installing library in
/Users/miriampinto/Desktop/CP/cp1718t/.cabal-sandbox/lib/x86_64-osx-ghc-8.0.1/gloss-rendering-1.12.0.0-F3910FHRwRcD38vg4bd6MK
Registering gloss-rendering-1.12.0.0...
cabal: Leaving directory '/var/folders/_n/xb0nmrd167vgc2dfr2164t9r0000gn/T/cabal-tmp-988/gloss-rendering-1.12.0.0'
