cabal: Entering directory '/var/folders/1x/7614t3zs1lndnk3hzln_q8m00000gn/T/cabal-tmp-7016/JuicyPixels-3.2.9.5'
Configuring JuicyPixels-3.2.9.5...
Building JuicyPixels-3.2.9.5...
Preprocessing library JuicyPixels-3.2.9.5...
[ 1 of 30] Compiling Codec.Picture.InternalHelper ( src/Codec/Picture/InternalHelper.hs, dist/dist-sandbox-8bb31270/build/Codec/Picture/InternalHelper.o )
[ 2 of 30] Compiling Codec.Picture.Types ( src/Codec/Picture/Types.hs, dist/dist-sandbox-8bb31270/build/Codec/Picture/Types.o )
[ 3 of 30] Compiling Codec.Picture.ColorQuant ( src/Codec/Picture/ColorQuant.hs, dist/dist-sandbox-8bb31270/build/Codec/Picture/ColorQuant.o )

/var/folders/1x/7614t3zs1lndnk3hzln_q8m00000gn/T/ghc7073_0/ghc_23.hscpp:335:26: warning: [-Woverflowed-literals]
    Literal 256 is out of the GHC.Word.Word8 range 0..255

/var/folders/1x/7614t3zs1lndnk3hzln_q8m00000gn/T/ghc7073_0/ghc_23.hscpp:335:45: warning: [-Woverflowed-literals]
    Literal 256 is out of the GHC.Word.Word8 range 0..255

/var/folders/1x/7614t3zs1lndnk3hzln_q8m00000gn/T/ghc7073_0/ghc_23.hscpp:335:64: warning: [-Woverflowed-literals]
    Literal 256 is out of the GHC.Word.Word8 range 0..255
[ 4 of 30] Compiling Codec.Picture.Png.Type ( src/Codec/Picture/Png/Type.hs, dist/dist-sandbox-8bb31270/build/Codec/Picture/Png/Type.o )
[ 5 of 30] Compiling Codec.Picture.VectorByteConversion ( src/Codec/Picture/VectorByteConversion.hs, dist/dist-sandbox-8bb31270/build/Codec/Picture/VectorByteConversion.o )
[ 6 of 30] Compiling Codec.Picture.BitWriter ( src/Codec/Picture/BitWriter.hs, dist/dist-sandbox-8bb31270/build/Codec/Picture/BitWriter.o )
[ 7 of 30] Compiling Codec.Picture.Jpg.DefaultTable ( src/Codec/Picture/Jpg/DefaultTable.hs, dist/dist-sandbox-8bb31270/build/Codec/Picture/Jpg/DefaultTable.o )
[ 8 of 30] Compiling Codec.Picture.Gif.LZW ( src/Codec/Picture/Gif/LZW.hs, dist/dist-sandbox-8bb31270/build/Codec/Picture/Gif/LZW.o )
[ 9 of 30] Compiling Codec.Picture.Gif.LZWEncoding ( src/Codec/Picture/Gif/LZWEncoding.hs, dist/dist-sandbox-8bb31270/build/Codec/Picture/Gif/LZWEncoding.o )
[10 of 30] Compiling Codec.Picture.Metadata.Exif ( src/Codec/Picture/Metadata/Exif.hs, dist/dist-sandbox-8bb31270/build/Codec/Picture/Metadata/Exif.o )
[11 of 30] Compiling Codec.Picture.Tiff.Types ( src/Codec/Picture/Tiff/Types.hs, dist/dist-sandbox-8bb31270/build/Codec/Picture/Tiff/Types.o )
[12 of 30] Compiling Codec.Picture.Metadata ( src/Codec/Picture/Metadata.hs, dist/dist-sandbox-8bb31270/build/Codec/Picture/Metadata.o )
[13 of 30] Compiling Codec.Picture.Png.Metadata ( src/Codec/Picture/Png/Metadata.hs, dist/dist-sandbox-8bb31270/build/Codec/Picture/Png/Metadata.o )
[14 of 30] Compiling Codec.Picture.Png.Export ( src/Codec/Picture/Png/Export.hs, dist/dist-sandbox-8bb31270/build/Codec/Picture/Png/Export.o )
[15 of 30] Compiling Codec.Picture.Tiff.Metadata ( src/Codec/Picture/Tiff/Metadata.hs, dist/dist-sandbox-8bb31270/build/Codec/Picture/Tiff/Metadata.o )
[16 of 30] Compiling Codec.Picture.Jpg.Types ( src/Codec/Picture/Jpg/Types.hs, dist/dist-sandbox-8bb31270/build/Codec/Picture/Jpg/Types.o )
[17 of 30] Compiling Codec.Picture.Jpg.Metadata ( src/Codec/Picture/Jpg/Metadata.hs, dist/dist-sandbox-8bb31270/build/Codec/Picture/Jpg/Metadata.o )
[18 of 30] Compiling Codec.Picture.Jpg.FastIdct ( src/Codec/Picture/Jpg/FastIdct.hs, dist/dist-sandbox-8bb31270/build/Codec/Picture/Jpg/FastIdct.o )
[19 of 30] Compiling Codec.Picture.Jpg.FastDct ( src/Codec/Picture/Jpg/FastDct.hs, dist/dist-sandbox-8bb31270/build/Codec/Picture/Jpg/FastDct.o )
[20 of 30] Compiling Codec.Picture.Jpg.Common ( src/Codec/Picture/Jpg/Common.hs, dist/dist-sandbox-8bb31270/build/Codec/Picture/Jpg/Common.o )

/var/folders/1x/7614t3zs1lndnk3hzln_q8m00000gn/T/ghc7073_0/ghc_31.hscpp:350:1: warning: [-Wredundant-constraints]
    • Redundant constraint: Num a
    • In the type signature for:
           zigZagReorderForwardv :: (Storable a, Num a) =>
                                    VS.Vector a -> VS.Vector a
[21 of 30] Compiling Codec.Picture.Jpg.Progressive ( src/Codec/Picture/Jpg/Progressive.hs, dist/dist-sandbox-8bb31270/build/Codec/Picture/Jpg/Progressive.o )
[22 of 30] Compiling Codec.Picture.Tiff ( src/Codec/Picture/Tiff.hs, dist/dist-sandbox-8bb31270/build/Codec/Picture/Tiff.o )
[23 of 30] Compiling Codec.Picture.Tga ( src/Codec/Picture/Tga.hs, dist/dist-sandbox-8bb31270/build/Codec/Picture/Tga.o )

/var/folders/1x/7614t3zs1lndnk3hzln_q8m00000gn/T/ghc7073_0/ghc_13.hscpp:484:1: warning: [-Wredundant-constraints]
    • Redundant constraint: Pixel px
    • In the type signature for:
           toPaletted :: Pixel px =>
                         (Image Pixel8 -> Palette' px -> PalettedImage)
                         -> Image px -> DynamicImage -> Either String PalettedImage
[24 of 30] Compiling Codec.Picture.HDR ( src/Codec/Picture/HDR.hs, dist/dist-sandbox-8bb31270/build/Codec/Picture/HDR.o )
[25 of 30] Compiling Codec.Picture.Jpg ( src/Codec/Picture/Jpg.hs, dist/dist-sandbox-8bb31270/build/Codec/Picture/Jpg.o )
[26 of 30] Compiling Codec.Picture.Png ( src/Codec/Picture/Png.hs, dist/dist-sandbox-8bb31270/build/Codec/Picture/Png.o )

/var/folders/1x/7614t3zs1lndnk3hzln_q8m00000gn/T/ghc7073_0/ghc_7.hscpp:241:27: warning: [-Wduplicate-exports]
    ‘encodePalettedPng’ is exported by ‘encodePalettedPng’ and ‘PngPaletteSaveable(..)’

/var/folders/1x/7614t3zs1lndnk3hzln_q8m00000gn/T/ghc7073_0/ghc_7.hscpp:242:27: warning: [-Wduplicate-exports]
    ‘encodePalettedPngWithMetadata’ is exported by ‘encodePalettedPngWithMetadata’ and ‘PngPaletteSaveable(..)’
[27 of 30] Compiling Codec.Picture.Gif ( src/Codec/Picture/Gif.hs, dist/dist-sandbox-8bb31270/build/Codec/Picture/Gif.o )
[28 of 30] Compiling Codec.Picture.Bitmap ( src/Codec/Picture/Bitmap.hs, dist/dist-sandbox-8bb31270/build/Codec/Picture/Bitmap.o )
[29 of 30] Compiling Codec.Picture.Saving ( src/Codec/Picture/Saving.hs, dist/dist-sandbox-8bb31270/build/Codec/Picture/Saving.o )
[30 of 30] Compiling Codec.Picture    ( src/Codec/Picture.hs, dist/dist-sandbox-8bb31270/build/Codec/Picture.o )
Creating package registration file:
/var/folders/1x/7614t3zs1lndnk3hzln_q8m00000gn/T/pkgConf-JuicyPixels-3.2.914587779232007237709.5
Installing library in /Users/henriquefaria/Documents/2ºano/2º
semestre/CP/Trabalho
Pratico/cp1718t/.cabal-sandbox/lib/x86_64-osx-ghc-8.0.1/JuicyPixels-3.2.9.5-8hoBZ28gsUq7kOHvlInayH
Registering JuicyPixels-3.2.9.5...
cabal: Leaving directory '/var/folders/1x/7614t3zs1lndnk3hzln_q8m00000gn/T/cabal-tmp-7016/JuicyPixels-3.2.9.5'
