cabal: Entering directory '/var/folders/_n/xb0nmrd167vgc2dfr2164t9r0000gn/T/cabal-tmp-2041/loop-0.3.0'
Configuring loop-0.3.0...
Building loop-0.3.0...
Preprocessing library loop-0.3.0...
[1 of 2] Compiling Control.Loop.Internal ( src/Control/Loop/Internal.hs, dist/dist-sandbox-8b42a4cd/build/Control/Loop/Internal.o )
[2 of 2] Compiling Control.Loop     ( src/Control/Loop.hs, dist/dist-sandbox-8b42a4cd/build/Control/Loop.o )
[1 of 2] Compiling Control.Loop.Internal ( src/Control/Loop/Internal.hs, dist/dist-sandbox-8b42a4cd/build/Control/Loop/Internal.p_o )

In file included from /var/folders/_n/xb0nmrd167vgc2dfr2164t9r0000gn/T/ghc2253_0/ghc_3.c:2:0: error:
    

In file included from /Library/Frameworks/GHC.framework/Versions/8.0.1-x86_64/usr/lib/ghc-8.0.1/include/Rts.h:217:0: error:
    

/Library/Frameworks/GHC.framework/Versions/8.0.1-x86_64/usr/lib/ghc-8.0.1/include/rts/storage/ClosureMacros.h:505:5: error:
     warning: macro expansion producing 'defined' has undefined behavior [-Wexpansion-to-defined]
#if ZERO_SLOP_FOR_LDV_PROF || ZERO_SLOP_FOR_SANITY_CHECK
    ^

/Library/Frameworks/GHC.framework/Versions/8.0.1-x86_64/usr/lib/ghc-8.0.1/include/rts/storage/ClosureMacros.h:502:37: error:
     note: expanded from macro 'ZERO_SLOP_FOR_LDV_PROF'
#define ZERO_SLOP_FOR_LDV_PROF     (defined(PROFILING))
                                    ^

/Library/Frameworks/GHC.framework/Versions/8.0.1-x86_64/usr/lib/ghc-8.0.1/include/rts/storage/ClosureMacros.h:505:31: error:
     warning: macro expansion producing 'defined' has undefined behavior [-Wexpansion-to-defined]
#if ZERO_SLOP_FOR_LDV_PROF || ZERO_SLOP_FOR_SANITY_CHECK
                              ^

/Library/Frameworks/GHC.framework/Versions/8.0.1-x86_64/usr/lib/ghc-8.0.1/include/rts/storage/ClosureMacros.h:503:37: error:
     note: expanded from macro 'ZERO_SLOP_FOR_SANITY_CHECK'
#define ZERO_SLOP_FOR_SANITY_CHECK (defined(DEBUG) && !defined(THREADED_RTS))
                                    ^

/Library/Frameworks/GHC.framework/Versions/8.0.1-x86_64/usr/lib/ghc-8.0.1/include/rts/storage/ClosureMacros.h:505:31: error:
     warning: macro expansion producing 'defined' has undefined behavior [-Wexpansion-to-defined]

/Library/Frameworks/GHC.framework/Versions/8.0.1-x86_64/usr/lib/ghc-8.0.1/include/rts/storage/ClosureMacros.h:503:56: error:
     note: expanded from macro 'ZERO_SLOP_FOR_SANITY_CHECK'
#define ZERO_SLOP_FOR_SANITY_CHECK (defined(DEBUG) && !defined(THREADED_RTS))
                                                       ^

/Library/Frameworks/GHC.framework/Versions/8.0.1-x86_64/usr/lib/ghc-8.0.1/include/rts/storage/ClosureMacros.h:523:5: error:
     warning: macro expansion producing 'defined' has undefined behavior [-Wexpansion-to-defined]
#if ZERO_SLOP_FOR_LDV_PROF && !ZERO_SLOP_FOR_SANITY_CHECK
    ^

/Library/Frameworks/GHC.framework/Versions/8.0.1-x86_64/usr/lib/ghc-8.0.1/include/rts/storage/ClosureMacros.h:502:37: error:
     note: expanded from macro 'ZERO_SLOP_FOR_LDV_PROF'
#define ZERO_SLOP_FOR_LDV_PROF     (defined(PROFILING))
                                    ^

/Library/Frameworks/GHC.framework/Versions/8.0.1-x86_64/usr/lib/ghc-8.0.1/include/rts/storage/ClosureMacros.h:523:32: error:
     warning: macro expansion producing 'defined' has undefined behavior [-Wexpansion-to-defined]
#if ZERO_SLOP_FOR_LDV_PROF && !ZERO_SLOP_FOR_SANITY_CHECK
                               ^

/Library/Frameworks/GHC.framework/Versions/8.0.1-x86_64/usr/lib/ghc-8.0.1/include/rts/storage/ClosureMacros.h:503:37: error:
     note: expanded from macro 'ZERO_SLOP_FOR_SANITY_CHECK'
#define ZERO_SLOP_FOR_SANITY_CHECK (defined(DEBUG) && !defined(THREADED_RTS))
                                    ^

/Library/Frameworks/GHC.framework/Versions/8.0.1-x86_64/usr/lib/ghc-8.0.1/include/rts/storage/ClosureMacros.h:523:32: error:
     warning: macro expansion producing 'defined' has undefined behavior [-Wexpansion-to-defined]

/Library/Frameworks/GHC.framework/Versions/8.0.1-x86_64/usr/lib/ghc-8.0.1/include/rts/storage/ClosureMacros.h:503:56: error:
     note: expanded from macro 'ZERO_SLOP_FOR_SANITY_CHECK'
#define ZERO_SLOP_FOR_SANITY_CHECK (defined(DEBUG) && !defined(THREADED_RTS))
                                                       ^

/Library/Frameworks/GHC.framework/Versions/8.0.1-x86_64/usr/lib/ghc-8.0.1/include/rts/storage/ClosureMacros.h:552:5: error:
     warning: macro expansion producing 'defined' has undefined behavior [-Wexpansion-to-defined]
#if ZERO_SLOP_FOR_LDV_PROF && !ZERO_SLOP_FOR_SANITY_CHECK
    ^

/Library/Frameworks/GHC.framework/Versions/8.0.1-x86_64/usr/lib/ghc-8.0.1/include/rts/storage/ClosureMacros.h:502:37: error:
     note: expanded from macro 'ZERO_SLOP_FOR_LDV_PROF'
#define ZERO_SLOP_FOR_LDV_PROF     (defined(PROFILING))
                                    ^

/Library/Frameworks/GHC.framework/Versions/8.0.1-x86_64/usr/lib/ghc-8.0.1/include/rts/storage/ClosureMacros.h:552:32: error:
     warning: macro expansion producing 'defined' has undefined behavior [-Wexpansion-to-defined]
#if ZERO_SLOP_FOR_LDV_PROF && !ZERO_SLOP_FOR_SANITY_CHECK
                               ^

/Library/Frameworks/GHC.framework/Versions/8.0.1-x86_64/usr/lib/ghc-8.0.1/include/rts/storage/ClosureMacros.h:503:37: error:
     note: expanded from macro 'ZERO_SLOP_FOR_SANITY_CHECK'
#define ZERO_SLOP_FOR_SANITY_CHECK (defined(DEBUG) && !defined(THREADED_RTS))
                                    ^

/Library/Frameworks/GHC.framework/Versions/8.0.1-x86_64/usr/lib/ghc-8.0.1/include/rts/storage/ClosureMacros.h:552:32: error:
     warning: macro expansion producing 'defined' has undefined behavior [-Wexpansion-to-defined]

/Library/Frameworks/GHC.framework/Versions/8.0.1-x86_64/usr/lib/ghc-8.0.1/include/rts/storage/ClosureMacros.h:503:56: error:
     note: expanded from macro 'ZERO_SLOP_FOR_SANITY_CHECK'
#define ZERO_SLOP_FOR_SANITY_CHECK (defined(DEBUG) && !defined(THREADED_RTS))
                                                       ^
9 warnings generated.
[2 of 2] Compiling Control.Loop     ( src/Control/Loop.hs, dist/dist-sandbox-8b42a4cd/build/Control/Loop.p_o )

In file included from /var/folders/_n/xb0nmrd167vgc2dfr2164t9r0000gn/T/ghc2253_0/ghc_12.c:2:0: error:
    

In file included from /Library/Frameworks/GHC.framework/Versions/8.0.1-x86_64/usr/lib/ghc-8.0.1/include/Rts.h:217:0: error:
    

/Library/Frameworks/GHC.framework/Versions/8.0.1-x86_64/usr/lib/ghc-8.0.1/include/rts/storage/ClosureMacros.h:505:5: error:
     warning: macro expansion producing 'defined' has undefined behavior [-Wexpansion-to-defined]
#if ZERO_SLOP_FOR_LDV_PROF || ZERO_SLOP_FOR_SANITY_CHECK
    ^

/Library/Frameworks/GHC.framework/Versions/8.0.1-x86_64/usr/lib/ghc-8.0.1/include/rts/storage/ClosureMacros.h:502:37: error:
     note: expanded from macro 'ZERO_SLOP_FOR_LDV_PROF'
#define ZERO_SLOP_FOR_LDV_PROF     (defined(PROFILING))
                                    ^

/Library/Frameworks/GHC.framework/Versions/8.0.1-x86_64/usr/lib/ghc-8.0.1/include/rts/storage/ClosureMacros.h:505:31: error:
     warning: macro expansion producing 'defined' has undefined behavior [-Wexpansion-to-defined]
#if ZERO_SLOP_FOR_LDV_PROF || ZERO_SLOP_FOR_SANITY_CHECK
                              ^

/Library/Frameworks/GHC.framework/Versions/8.0.1-x86_64/usr/lib/ghc-8.0.1/include/rts/storage/ClosureMacros.h:503:37: error:
     note: expanded from macro 'ZERO_SLOP_FOR_SANITY_CHECK'
#define ZERO_SLOP_FOR_SANITY_CHECK (defined(DEBUG) && !defined(THREADED_RTS))
                                    ^

/Library/Frameworks/GHC.framework/Versions/8.0.1-x86_64/usr/lib/ghc-8.0.1/include/rts/storage/ClosureMacros.h:505:31: error:
     warning: macro expansion producing 'defined' has undefined behavior [-Wexpansion-to-defined]

/Library/Frameworks/GHC.framework/Versions/8.0.1-x86_64/usr/lib/ghc-8.0.1/include/rts/storage/ClosureMacros.h:503:56: error:
     note: expanded from macro 'ZERO_SLOP_FOR_SANITY_CHECK'
#define ZERO_SLOP_FOR_SANITY_CHECK (defined(DEBUG) && !defined(THREADED_RTS))
                                                       ^

/Library/Frameworks/GHC.framework/Versions/8.0.1-x86_64/usr/lib/ghc-8.0.1/include/rts/storage/ClosureMacros.h:523:5: error:
     warning: macro expansion producing 'defined' has undefined behavior [-Wexpansion-to-defined]
#if ZERO_SLOP_FOR_LDV_PROF && !ZERO_SLOP_FOR_SANITY_CHECK
    ^

/Library/Frameworks/GHC.framework/Versions/8.0.1-x86_64/usr/lib/ghc-8.0.1/include/rts/storage/ClosureMacros.h:502:37: error:
     note: expanded from macro 'ZERO_SLOP_FOR_LDV_PROF'
#define ZERO_SLOP_FOR_LDV_PROF     (defined(PROFILING))
                                    ^

/Library/Frameworks/GHC.framework/Versions/8.0.1-x86_64/usr/lib/ghc-8.0.1/include/rts/storage/ClosureMacros.h:523:32: error:
     warning: macro expansion producing 'defined' has undefined behavior [-Wexpansion-to-defined]
#if ZERO_SLOP_FOR_LDV_PROF && !ZERO_SLOP_FOR_SANITY_CHECK
                               ^

/Library/Frameworks/GHC.framework/Versions/8.0.1-x86_64/usr/lib/ghc-8.0.1/include/rts/storage/ClosureMacros.h:503:37: error:
     note: expanded from macro 'ZERO_SLOP_FOR_SANITY_CHECK'
#define ZERO_SLOP_FOR_SANITY_CHECK (defined(DEBUG) && !defined(THREADED_RTS))
                                    ^

/Library/Frameworks/GHC.framework/Versions/8.0.1-x86_64/usr/lib/ghc-8.0.1/include/rts/storage/ClosureMacros.h:523:32: error:
     warning: macro expansion producing 'defined' has undefined behavior [-Wexpansion-to-defined]

/Library/Frameworks/GHC.framework/Versions/8.0.1-x86_64/usr/lib/ghc-8.0.1/include/rts/storage/ClosureMacros.h:503:56: error:
     note: expanded from macro 'ZERO_SLOP_FOR_SANITY_CHECK'
#define ZERO_SLOP_FOR_SANITY_CHECK (defined(DEBUG) && !defined(THREADED_RTS))
                                                       ^

/Library/Frameworks/GHC.framework/Versions/8.0.1-x86_64/usr/lib/ghc-8.0.1/include/rts/storage/ClosureMacros.h:552:5: error:
     warning: macro expansion producing 'defined' has undefined behavior [-Wexpansion-to-defined]
#if ZERO_SLOP_FOR_LDV_PROF && !ZERO_SLOP_FOR_SANITY_CHECK
    ^

/Library/Frameworks/GHC.framework/Versions/8.0.1-x86_64/usr/lib/ghc-8.0.1/include/rts/storage/ClosureMacros.h:502:37: error:
     note: expanded from macro 'ZERO_SLOP_FOR_LDV_PROF'
#define ZERO_SLOP_FOR_LDV_PROF     (defined(PROFILING))
                                    ^

/Library/Frameworks/GHC.framework/Versions/8.0.1-x86_64/usr/lib/ghc-8.0.1/include/rts/storage/ClosureMacros.h:552:32: error:
     warning: macro expansion producing 'defined' has undefined behavior [-Wexpansion-to-defined]
#if ZERO_SLOP_FOR_LDV_PROF && !ZERO_SLOP_FOR_SANITY_CHECK
                               ^

/Library/Frameworks/GHC.framework/Versions/8.0.1-x86_64/usr/lib/ghc-8.0.1/include/rts/storage/ClosureMacros.h:503:37: error:
     note: expanded from macro 'ZERO_SLOP_FOR_SANITY_CHECK'
#define ZERO_SLOP_FOR_SANITY_CHECK (defined(DEBUG) && !defined(THREADED_RTS))
                                    ^

/Library/Frameworks/GHC.framework/Versions/8.0.1-x86_64/usr/lib/ghc-8.0.1/include/rts/storage/ClosureMacros.h:552:32: error:
     warning: macro expansion producing 'defined' has undefined behavior [-Wexpansion-to-defined]

/Library/Frameworks/GHC.framework/Versions/8.0.1-x86_64/usr/lib/ghc-8.0.1/include/rts/storage/ClosureMacros.h:503:56: error:
     note: expanded from macro 'ZERO_SLOP_FOR_SANITY_CHECK'
#define ZERO_SLOP_FOR_SANITY_CHECK (defined(DEBUG) && !defined(THREADED_RTS))
                                                       ^
9 warnings generated.
Running Haddock for loop-0.3.0...
Preprocessing library loop-0.3.0...
Haddock coverage:
 100% (  3 /  3) in 'Control.Loop.Internal'
 100% (  7 /  7) in 'Control.Loop'
Documentation created: dist/dist-sandbox-8b42a4cd/doc/html/loop/index.html
Creating package registration file:
/var/folders/_n/xb0nmrd167vgc2dfr2164t9r0000gn/T/pkgConf-loop-0.3823378840143542612.0
Installing library in
/Users/miriampinto/Desktop/CP/cp1718t/.cabal-sandbox/lib/x86_64-osx-ghc-8.0.1/loop-0.3.0-98VH1UqsOHy2KxBxA55ICY
Registering loop-0.3.0...
cabal: Leaving directory '/var/folders/_n/xb0nmrd167vgc2dfr2164t9r0000gn/T/cabal-tmp-2041/loop-0.3.0'
