cabal: Entering directory '/var/folders/1x/7614t3zs1lndnk3hzln_q8m00000gn/T/cabal-tmp-3486/matrix-0.3.6.1'
Configuring matrix-0.3.6.1...
Building matrix-0.3.6.1...
Preprocessing library matrix-0.3.6.1...
[1 of 1] Compiling Data.Matrix      ( Data/Matrix.hs, dist/dist-sandbox-8bb31270/build/Data/Matrix.o )

Data/Matrix.hs:81:1: warning: [-Wunused-imports]
    The import of ‘Data.Traversable’ is redundant
      except perhaps to import instances from ‘Data.Traversable’
    To import instances alone, use: import Data.Traversable()

Data/Matrix.hs:1364:1: warning: [-Winline-rule-shadowing]
    Rule "matrix/traceOfSum" may never fire
      because ‘trace’ might inline first
    Probable fix: add an INLINE[n] or NOINLINE[n] pragma for ‘trace’

Data/Matrix.hs:1364:1: warning: [-Winline-rule-shadowing]
    Rule "matrix/traceOfSum" may never fire
      because rule "Class op +" for ‘+’ might fire first
    Probable fix: add phase [n] or [~n] to the competing rule

Data/Matrix.hs:1367:1: warning: [-Winline-rule-shadowing]
    Rule "matrix/traceOfScale" may never fire
      because ‘trace’ might inline first
    Probable fix: add an INLINE[n] or NOINLINE[n] pragma for ‘trace’

Data/Matrix.hs:1367:1: warning: [-Winline-rule-shadowing]
    Rule "matrix/traceOfScale" may never fire
      because ‘scaleMatrix’ might inline first
    Probable fix: add an INLINE[n] or NOINLINE[n] pragma for ‘scaleMatrix’

Data/Matrix.hs:1392:1: warning: [-Winline-rule-shadowing]
    Rule "matrix/detLaplaceProduct" may never fire
      because ‘detLaplace’ might inline first
    Probable fix: add an INLINE[n] or NOINLINE[n] pragma for ‘detLaplace’

Data/Matrix.hs:1392:1: warning: [-Winline-rule-shadowing]
    Rule "matrix/detLaplaceProduct" may never fire
      because rule "Class op *" for ‘*’ might fire first
    Probable fix: add phase [n] or [~n] to the competing rule

Data/Matrix.hs:1395:1: warning: [-Winline-rule-shadowing]
    Rule "matrix/detLUProduct" may never fire
      because ‘detLU’ might inline first
    Probable fix: add an INLINE[n] or NOINLINE[n] pragma for ‘detLU’

Data/Matrix.hs:1395:1: warning: [-Winline-rule-shadowing]
    Rule "matrix/detLUProduct" may never fire
      because rule "Class op *" for ‘*’ might fire first
    Probable fix: add phase [n] or [~n] to the competing rule
Creating package registration file:
/var/folders/1x/7614t3zs1lndnk3hzln_q8m00000gn/T/pkgConf-matrix-0.3.614587779232007237709.1
Installing library in /Users/henriquefaria/Documents/2ºano/2º
semestre/CP/Trabalho
Pratico/cp1718t/.cabal-sandbox/lib/x86_64-osx-ghc-8.0.1/matrix-0.3.6.1-Dx0nPEisdQNArqh2QM5V03
Registering matrix-0.3.6.1...
cabal: Leaving directory '/var/folders/1x/7614t3zs1lndnk3hzln_q8m00000gn/T/cabal-tmp-3486/matrix-0.3.6.1'
