cabal: Entering directory '/var/folders/1x/7614t3zs1lndnk3hzln_q8m00000gn/T/cabal-tmp-4484/profunctors-5.2.2'
Configuring profunctors-5.2.2...
Building profunctors-5.2.2...
Preprocessing library profunctors-5.2.2...
[ 1 of 16] Compiling Data.Profunctor.Unsafe ( src/Data/Profunctor/Unsafe.hs, dist/dist-sandbox-8bb31270/build/Data/Profunctor/Unsafe.o )
[ 2 of 16] Compiling Data.Profunctor.Types ( src/Data/Profunctor/Types.hs, dist/dist-sandbox-8bb31270/build/Data/Profunctor/Types.o )
[ 3 of 16] Compiling Data.Profunctor.Monad ( src/Data/Profunctor/Monad.hs, dist/dist-sandbox-8bb31270/build/Data/Profunctor/Monad.o )
[ 4 of 16] Compiling Data.Profunctor.Adjunction ( src/Data/Profunctor/Adjunction.hs, dist/dist-sandbox-8bb31270/build/Data/Profunctor/Adjunction.o )
[ 5 of 16] Compiling Data.Profunctor.Strong ( src/Data/Profunctor/Strong.hs, dist/dist-sandbox-8bb31270/build/Data/Profunctor/Strong.o )
[ 6 of 16] Compiling Data.Profunctor.Closed ( src/Data/Profunctor/Closed.hs, dist/dist-sandbox-8bb31270/build/Data/Profunctor/Closed.o )
[ 7 of 16] Compiling Data.Profunctor.Choice ( src/Data/Profunctor/Choice.hs, dist/dist-sandbox-8bb31270/build/Data/Profunctor/Choice.o )
[ 8 of 16] Compiling Data.Profunctor.Traversing ( src/Data/Profunctor/Traversing.hs, dist/dist-sandbox-8bb31270/build/Data/Profunctor/Traversing.o )
[ 9 of 16] Compiling Data.Profunctor.Mapping ( src/Data/Profunctor/Mapping.hs, dist/dist-sandbox-8bb31270/build/Data/Profunctor/Mapping.o )
[10 of 16] Compiling Data.Profunctor  ( src/Data/Profunctor.hs, dist/dist-sandbox-8bb31270/build/Data/Profunctor.o )
[11 of 16] Compiling Data.Profunctor.Cayley ( src/Data/Profunctor/Cayley.hs, dist/dist-sandbox-8bb31270/build/Data/Profunctor/Cayley.o )
[12 of 16] Compiling Data.Profunctor.Sieve ( src/Data/Profunctor/Sieve.hs, dist/dist-sandbox-8bb31270/build/Data/Profunctor/Sieve.o )
[13 of 16] Compiling Data.Profunctor.Rep ( src/Data/Profunctor/Rep.hs, dist/dist-sandbox-8bb31270/build/Data/Profunctor/Rep.o )
[14 of 16] Compiling Data.Profunctor.Composition ( src/Data/Profunctor/Composition.hs, dist/dist-sandbox-8bb31270/build/Data/Profunctor/Composition.o )
[15 of 16] Compiling Data.Profunctor.Ran ( src/Data/Profunctor/Ran.hs, dist/dist-sandbox-8bb31270/build/Data/Profunctor/Ran.o )
[16 of 16] Compiling Data.Profunctor.Yoneda ( src/Data/Profunctor/Yoneda.hs, dist/dist-sandbox-8bb31270/build/Data/Profunctor/Yoneda.o )
Creating package registration file:
/var/folders/1x/7614t3zs1lndnk3hzln_q8m00000gn/T/pkgConf-profunctors-5.25322361231023129506.2
Installing library in /Users/henriquefaria/Documents/2ºano/2º
semestre/CP/Trabalho
Pratico/cp1718t/.cabal-sandbox/lib/x86_64-osx-ghc-8.0.1/profunctors-5.2.2-91zGiLbgfhJIcpUznlNpaq
Registering profunctors-5.2.2...
cabal: Leaving directory '/var/folders/1x/7614t3zs1lndnk3hzln_q8m00000gn/T/cabal-tmp-4484/profunctors-5.2.2'
